<?xml version="1.0" encoding="UTF-8"?>
<!-- Generated by org.testng.reporters.JUnitReportReporter -->
<testsuite hostname="Parmeshwar-QA" name="com.Airpay.Tests.TC_PP_valid_UPI_Session_Cancel_popup_ErrMsg_Inline_kit" tests="2" failures="0" timestamp="14 Nov 2018 08:44:50 GMT" time="27.862" errors="0">
  <testcase name="TC_TestCaseName" time="27.862" classname="com.Airpay.Tests.TC_PP_valid_UPI_Session_Cancel_popup_ErrMsg_Inline_kit"/>
  <testcase name="setup" time="0.000" classname="com.Airpay.Tests.TC_PP_valid_UPI_Session_Cancel_popup_ErrMsg_Inline_kit"/>
</testsuite> <!-- com.Airpay.Tests.TC_PP_valid_UPI_Session_Cancel_popup_ErrMsg_Inline_kit -->
