<?xml version="1.0" encoding="UTF-8"?>
<!-- Generated by org.testng.reporters.JUnitReportReporter -->
<testsuite hostname="Parmeshwar-QA" name="com.Airpay.Tests.TC_PP_Tez_UPI_Success_Transaction_Inline_kit" tests="2" failures="0" timestamp="14 Nov 2018 09:15:48 GMT" time="97.982" errors="0">
  <testcase name="setup" time="0.000" classname="com.Airpay.Tests.TC_PP_Tez_UPI_Success_Transaction_Inline_kit"/>
  <testcase name="TC_TestCaseName" time="97.982" classname="com.Airpay.Tests.TC_PP_Tez_UPI_Success_Transaction_Inline_kit"/>
</testsuite> <!-- com.Airpay.Tests.TC_PP_Tez_UPI_Success_Transaction_Inline_kit -->
