<?xml version="1.0" encoding="UTF-8"?>
<!-- Generated by org.testng.reporters.JUnitReportReporter -->
<testsuite hostname="Parmeshwar-QA" name="com.Airpay.Tests.TC_PP_Wallet_Red_Line_Error" tests="2" failures="0" timestamp="6 Feb 2019 11:28:01 GMT" time="9.694" errors="0">
  <testcase name="setup" time="0.000" classname="com.Airpay.Tests.TC_PP_Wallet_Red_Line_Error"/>
  <testcase name="TC_TestCaseName" time="9.694" classname="com.Airpay.Tests.TC_PP_Wallet_Red_Line_Error"/>
</testsuite> <!-- com.Airpay.Tests.TC_PP_Wallet_Red_Line_Error -->
