<?xml version="1.0" encoding="UTF-8"?>
<!-- Generated by org.testng.reporters.JUnitXMLReporter -->
<testsuite hostname="Parmeshwar-QA" name="TC_001_InvoicePayLogoVerifyThrough_op" tests="2" failures="0" timestamp="1 Mar 2019 07:22:43 GMT" time="31.539" errors="0">
  <testcase name="setup" time="0.004" classname="com.Airpay.Tests.TC_001_InvoicePayLogoVerifyThroughSinglePagerLink_Verify"/>
  <testcase name="TC_TestCaseName" time="21.589" classname="com.Airpay.Tests.TC_001_InvoicePayLogoVerifyThroughSinglePagerLink_Verify"/>
</testsuite> <!-- TC_001_InvoicePayLogoVerifyThrough_op -->
