<?xml version="1.0" encoding="UTF-8"?>
<!-- Generated by org.testng.reporters.JUnitXMLReporter -->
<testsuite hostname="Parmeshwar-QA" name="TC_041_Verify_Dropdown_List_Merchant_Level" tests="2" failures="0" timestamp="17 Oct 2018 10:27:26 GMT" time="96.118" errors="0">
  <testcase name="setup" time="0.003" classname="com.Airpay.Tests.TC_041_Verify_Dropdown_List_Merchant_Level"/>
  <testcase name="TC_TestCaseName" time="86.059" classname="com.Airpay.Tests.TC_041_Verify_Dropdown_List_Merchant_Level"/>
</testsuite> <!-- TC_041_Verify_Dropdown_List_Merchant_Level -->
