<?xml version="1.0" encoding="UTF-8"?>
<!-- Generated by org.testng.reporters.JUnitXMLReporter -->
<testsuite hostname="Parmeshwar-QA" name="TC_002_InvoicePayLogo_Verify_through_Link" tests="2" failures="0" timestamp="20 Feb 2019 12:03:58 GMT" time="184.187" errors="0">
  <testcase name="setup" time="0.003" classname="com.Airpay.Tests.TC_002_InvoicePayLogo_Verify_through_Link"/>
  <testcase name="TC_TestCaseName" time="174.538" classname="com.Airpay.Tests.TC_002_InvoicePayLogo_Verify_through_Link"/>
</testsuite> <!-- TC_002_InvoicePayLogo_Verify_through_Link -->
