<?xml version="1.0" encoding="UTF-8"?>
<!-- Generated by org.testng.reporters.JUnitXMLReporter -->
<testsuite hostname="Parmeshwar-QA" name="TC_002_InvoicePay_Filter_Option_Unpaid_Status" tests="2" failures="0" timestamp="1 Mar 2019 05:01:55 GMT" time="36.847" errors="0">
  <testcase name="setup" time="0.0" classname="com.Airpay.Tests.TC_002_InvoicePay_Filter_Option"/>
  <testcase name="TC_TestCaseName" time="28.18" classname="com.Airpay.Tests.TC_002_InvoicePay_Filter_Option"/>
</testsuite> <!-- TC_002_InvoicePay_Filter_Option_Unpaid_Status -->
