<?xml version="1.0" encoding="UTF-8"?>
<!-- Generated by org.testng.reporters.JUnitXMLReporter -->
<testsuite hostname="Parmeshwar-QA" name="TC_002_InvoicePayLogo_Verify_through_Link_ImportFieldsValidation" tests="2" failures="0" timestamp="20 Mar 2019 10:29:12 GMT" time="46.722" errors="0">
  <testcase name="setup" time="0.003" classname="com.Airpay.Tests.TC_002_TanishqPayLogo_Verify_through_Link_ImportFieldsValidation"/>
  <testcase name="TC_TestCaseName" time="35.025" classname="com.Airpay.Tests.TC_002_TanishqPayLogo_Verify_through_Link_ImportFieldsValidation"/>
</testsuite> <!-- TC_002_InvoicePayLogo_Verify_through_Link_ImportFieldsValidation -->
