<?xml version="1.0" encoding="UTF-8"?>
<!-- Generated by org.testng.reporters.JUnitXMLReporter -->
<testsuite hostname="Parmeshwar-QA" name="TC_002_MA_Panel_Save_Card_Check_Uncheck_ForDebitCard" tests="2" failures="0" timestamp="17 Oct 2018 07:11:00 GMT" time="99.581" errors="0">
  <testcase name="setup" time="0.0" classname="com.Airpay.Tests.TC_MA_Panel_Save_Card_EnableDisable_ForCreditCard"/>
  <testcase name="TC_TestCaseName" time="90.73" classname="com.Airpay.Tests.TC_MA_Panel_Save_Card_EnableDisable_ForCreditCard"/>
</testsuite> <!-- TC_002_MA_Panel_Save_Card_Check_Uncheck_ForDebitCard -->
