<?xml version="1.0" encoding="UTF-8"?>
<!-- Generated by org.testng.reporters.JUnitXMLReporter -->
<testsuite hostname="Parmeshwar-QA" name="TC_002_InvoicePay_Payment_Url_pending_record_Transaction" tests="2" failures="0" timestamp="1 Mar 2019 05:03:53 GMT" time="117.392" errors="0">
  <testcase name="setup" time="0.0" classname="com.Airpay.Tests.TC_002_InvoicePay_Payment_Url_pending_record_Transaction"/>
  <testcase name="TC_TestCaseName" time="108.739" classname="com.Airpay.Tests.TC_002_InvoicePay_Payment_Url_pending_record_Transaction"/>
</testsuite> <!-- TC_002_InvoicePay_Payment_Url_pending_record_Transaction -->
