<?xml version="1.0" encoding="UTF-8"?>
<!-- Generated by org.testng.reporters.JUnitXMLReporter -->
<testsuite hostname="Parmeshwar-QA" name="TC_001_MA_Panel_Save_Card_Check_Uncheck_ForDebitCard" tests="2" failures="0" timestamp="17 Oct 2018 07:09:21 GMT" time="98.576" errors="0">
  <testcase name="setup" time="0.003" classname="com.Airpay.Tests.TC_MA_Panel_Save_Card_EnableDisable_ForCreditCard"/>
  <testcase name="TC_TestCaseName" time="86.397" classname="com.Airpay.Tests.TC_MA_Panel_Save_Card_EnableDisable_ForCreditCard"/>
</testsuite> <!-- TC_001_MA_Panel_Save_Card_Check_Uncheck_ForDebitCard -->
