<?xml version="1.0" encoding="UTF-8"?>
<!-- Generated by org.testng.reporters.JUnitXMLReporter -->
<testsuite hostname="Parmeshwar-QA" name="TC_002_InvoicePay_Filter_Option" tests="2" failures="0" timestamp="25 Feb 2019 06:23:57 GMT" time="621.75" errors="0">
  <testcase name="setup" time="0.008" classname="com.Airpay.Tests.TC_002_InvoicePay_Filter_Option"/>
  <testcase name="TC_TestCaseName" time="611.829" classname="com.Airpay.Tests.TC_002_InvoicePay_Filter_Option"/>
</testsuite> <!-- TC_002_InvoicePay_Filter_Option -->
