<?xml version="1.0" encoding="UTF-8"?>
<!-- Generated by org.testng.reporters.JUnitXMLReporter -->
<testsuite hostname="Parmeshwar-QA" name="TC_063_Verify_response_if_we_click_on_Submit_button_with_editing_content" tests="2" failures="0" timestamp="12 Oct 2018 11:12:15 GMT" time="72.928" errors="0">
  <testcase name="setup" time="0.004" classname="com.Airpay.Tests.TC_063_Verify_response_if_we_click_on_Submit_button_with_editing_content"/>
  <testcase name="TC_TestCaseName" time="62.904" classname="com.Airpay.Tests.TC_063_Verify_response_if_we_click_on_Submit_button_with_editing_content"/>
</testsuite> <!-- TC_063_Verify_response_if_we_click_on_Submit_button_with_editing_content -->
