<?xml version="1.0" encoding="UTF-8"?>
<!-- Generated by org.testng.reporters.JUnitXMLReporter -->
<testsuite hostname="Parmeshwar-QA" name="TC_003_InvoicePay_Payment_Url_Pending_Record_Transaction_View" tests="2" failures="0" timestamp="11 Mar 2019 10:24:29 GMT" time="40.582" errors="0">
  <testcase name="setup" time="0.003" classname="com.Airpay.Tests.TC_003_InvoicePay_Payment_Url_Pending_Record_Transaction_View"/>
  <testcase name="TC_TestCaseName" time="28.997" classname="com.Airpay.Tests.TC_003_InvoicePay_Payment_Url_Pending_Record_Transaction_View"/>
</testsuite> <!-- TC_003_InvoicePay_Payment_Url_Pending_Record_Transaction_View -->
