<?xml version="1.0" encoding="UTF-8"?>
<!-- Generated by org.testng.reporters.JUnitXMLReporter -->
<testsuite hostname="Parmeshwar-QA" name="TC_001_SOTC_PayNow_Invoice_Logo_Verify" tests="2" failures="0" timestamp="13 Feb 2019 10:52:57 GMT" time="44.319" errors="0">
  <testcase name="setup" time="0.004" classname="com.Airpay.Tests.TC_001_SOTC_PayNow_Invoice_Logo_Verify"/>
  <testcase name="TC_TestCaseName" time="34.929" classname="com.Airpay.Tests.TC_001_SOTC_PayNow_Invoice_Logo_Verify"/>
</testsuite> <!-- TC_001_SOTC_PayNow_Invoice_Logo_Verify -->
