<?xml version="1.0" encoding="UTF-8"?>
<!-- Generated by org.testng.reporters.JUnitXMLReporter -->
<testsuite hostname="Parmeshwar-QA" name="TC_ID_018_Verify_can_user_add_one_rule_with_one_Title_name_Merchant_Level" tests="2" failures="0" timestamp="16 Oct 2018 07:22:24 GMT" time="105.435" errors="0">
  <testcase name="setup" time="0.003" classname="com.Airpay.Tests.TC_ID_018_Verify_can_user_add_one_rule_with_one_Title_name_Merchant_Level"/>
  <testcase name="TC_TestCaseName" time="95.513" classname="com.Airpay.Tests.TC_ID_018_Verify_can_user_add_one_rule_with_one_Title_name_Merchant_Level"/>
</testsuite> <!-- TC_ID_018_Verify_can_user_add_one_rule_with_one_Title_name_Merchant_Level -->
