<?xml version="1.0" encoding="UTF-8"?>
<!-- Generated by org.testng.reporters.JUnitXMLReporter -->
<testsuite hostname="Parmeshwar-QA" name="TC_ID_071_Verify_can_we_Disable_OFF_and_ON_Convenience_rule_Merchant_Level" tests="2" failures="0" timestamp="18 Oct 2018 10:56:11 GMT" time="274.691" errors="0">
  <testcase name="setup" time="0.004" classname="com.Airpay.Tests.TC_ID_071_Verify_can_we_Disable_OFF_and_ON_Convenience_rule_Merchant_Level"/>
  <testcase name="TC_TestCaseName" time="264.569" classname="com.Airpay.Tests.TC_ID_071_Verify_can_we_Disable_OFF_and_ON_Convenience_rule_Merchant_Level"/>
</testsuite> <!-- TC_ID_071_Verify_can_we_Disable_OFF_and_ON_Convenience_rule_Merchant_Level -->
