<?xml version="1.0" encoding="UTF-8"?>
<!-- Generated by org.testng.reporters.JUnitXMLReporter -->
<testsuite hostname="Parmeshwar-QA" name="TC_ID_071_Verify_can_we_Disable_OFF_and_ON_Convenience_rule" tests="2" failures="0" timestamp="15 Oct 2018 07:41:31 GMT" time="68.558" errors="0">
  <testcase name="setup" time="0.004" classname="com.Airpay.Tests.TC_ID_071_Verify_can_we_Disable_OFF_and_ON_Convenience_rule"/>
  <testcase name="TC_TestCaseName" time="58.625" classname="com.Airpay.Tests.TC_ID_071_Verify_can_we_Disable_OFF_and_ON_Convenience_rule"/>
</testsuite> <!-- TC_ID_071_Verify_can_we_Disable_OFF_and_ON_Convenience_rule -->
