<?xml version="1.0" encoding="UTF-8"?>
<!-- Generated by org.testng.reporters.JUnitXMLReporter -->
<testsuite hostname="Parmeshwar-QA" name="TC_ID_029_Verify_response_if_we_put_invalid_data_convenience_Fee_amount_Merchant_Level" tests="2" failures="0" timestamp="17 Oct 2018 10:09:20 GMT" time="95.126" errors="0">
  <testcase name="setup" time="0.004" classname="com.Airpay.Tests.TC_ID_029_Verify_response_if_we_put_invalid_data_convenience_Fee_amount_Merchant_Level"/>
  <testcase name="TC_TestCaseName" time="85.061" classname="com.Airpay.Tests.TC_ID_029_Verify_response_if_we_put_invalid_data_convenience_Fee_amount_Merchant_Level"/>
</testsuite> <!-- TC_ID_029_Verify_response_if_we_put_invalid_data_convenience_Fee_amount_Merchant_Level -->
