<?xml version="1.0" encoding="UTF-8"?>
<!-- Generated by org.testng.reporters.JUnitXMLReporter -->
<testsuite hostname="Parmeshwar-QA" name="TC_ID_004_verify_Convenience_Fee_menu_is_available_or_not_at Global level" tests="2" failures="0" timestamp="12 Dec 2018 05:16:08 GMT" time="32.03" errors="0">
  <testcase name="setup" time="0.003" classname="com.Airpay.Tests.TC_ID_004_verify_Convenience_Fee_menu_is_available_or_not"/>
  <testcase name="TC_TestCaseName" time="22.342" classname="com.Airpay.Tests.TC_ID_004_verify_Convenience_Fee_menu_is_available_or_not"/>
</testsuite> <!-- TC_ID_004_verify_Convenience_Fee_menu_is_available_or_not_at Global level -->
