<?xml version="1.0" encoding="UTF-8"?>
<!-- Generated by org.testng.reporters.JUnitXMLReporter -->
<testsuite hostname="Parmeshwar-QA" name="TC_MA_Panel_NetBanking_URL_Details_Active" tests="2" failures="0" timestamp="28 Sep 2018 06:28:01 GMT" time="392.901" errors="0">
  <testcase name="setup" time="0.0" classname="com.Airpay.Tests.TC_MA_Panel_NetBanking_URL_Details_Active"/>
  <testcase name="TC_TestCaseName" time="383.963" classname="com.Airpay.Tests.TC_MA_Panel_NetBanking_URL_Details_Active"/>
</testsuite> <!-- TC_MA_Panel_NetBanking_URL_Details_Active -->
