<?xml version="1.0" encoding="UTF-8"?>
<!-- Generated by org.testng.reporters.JUnitXMLReporter -->
<testsuite hostname="Parmeshwar-QA" name="TC_MA_Panel_Virtual_Account_URLDetails_Inactive" tests="2" failures="0" timestamp="24 Sep 2018 11:52:29 GMT" time="171.114" errors="0">
  <testcase name="setup" time="0.001" classname="com.Airpay.Tests.TC_MA_Panel_Cash_URLDetails_Inactive"/>
  <testcase name="TC_TestCaseName" time="162.376" classname="com.Airpay.Tests.TC_MA_Panel_Cash_URLDetails_Inactive"/>
</testsuite> <!-- TC_MA_Panel_Virtual_Account_URLDetails_Inactive -->
