<?xml version="1.0" encoding="UTF-8"?>
<!-- Generated by org.testng.reporters.JUnitXMLReporter -->
<testsuite hostname="Parmeshwar-QA" name="TC_MA_Panel_NetBanking_BankDetails_MinAndMax_Range_Val" tests="2" failures="0" timestamp="12 Sep 2018 07:32:50 GMT" time="181.989" errors="0">
  <testcase name="setup" time="0.003" classname="com.Airpay.Tests.TC_MA_Panel_NetBanking_BankDetails_MinAndMax_Range_Val"/>
  <testcase name="TC_TestCaseName" time="170.359" classname="com.Airpay.Tests.TC_MA_Panel_NetBanking_BankDetails_MinAndMax_Range_Val"/>
</testsuite> <!-- TC_MA_Panel_NetBanking_BankDetails_MinAndMax_Range_Val -->
