<?xml version="1.0" encoding="UTF-8"?>
<!-- Generated by org.testng.reporters.JUnitXMLReporter -->
<testsuite hostname="Parmeshwar-QA" name="TC_MA_Panel_RTGS_NEFT_URLDetails_Inactive" tests="2" failures="0" timestamp="28 Sep 2018 07:13:05 GMT" time="152.977" errors="0">
  <testcase name="setup" time="0.0" classname="com.Airpay.Tests.TC_MA_Panel_Cash_URLDetails_Inactive"/>
  <testcase name="TC_TestCaseName" time="144.191" classname="com.Airpay.Tests.TC_MA_Panel_Cash_URLDetails_Inactive"/>
</testsuite> <!-- TC_MA_Panel_RTGS_NEFT_URLDetails_Inactive -->
