<?xml version="1.0" encoding="UTF-8"?>
<!-- Generated by org.testng.reporters.JUnitXMLReporter -->
<testsuite hostname="Parmeshwar-QA" name="TC_MA_Panel_ePay_Later_URLDetails_Inactive" tests="2" failures="0" timestamp="28 Sep 2018 07:49:19 GMT" time="179.625" errors="0">
  <testcase name="setup" time="0.0" classname="com.Airpay.Tests.TC_MA_Panel_Cash_URLDetails_Inactive"/>
  <testcase name="TC_TestCaseName" time="168.606" classname="com.Airpay.Tests.TC_MA_Panel_Cash_URLDetails_Inactive"/>
</testsuite> <!-- TC_MA_Panel_ePay_Later_URLDetails_Inactive -->
