<?xml version="1.0" encoding="UTF-8"?>
<!-- Generated by org.testng.reporters.JUnitXMLReporter -->
<testsuite hostname="Parmeshwar-QA" name="TC_MA_Panel_NetBanking_BankDetails_MinAndMax_Range_Negative_val" tests="2" failures="0" timestamp="12 Sep 2018 07:00:23 GMT" time="175.726" errors="0">
  <testcase name="setup" time="0.0" classname="com.Airpay.Tests.TC_MA_Panel_NetBanking_BankDetails_MinAndMax_Range_Negative_val"/>
  <testcase name="TC_TestCaseName" time="164.744" classname="com.Airpay.Tests.TC_MA_Panel_NetBanking_BankDetails_MinAndMax_Range_Negative_val"/>
</testsuite> <!-- TC_MA_Panel_NetBanking_BankDetails_MinAndMax_Range_Negative_val -->
