<?xml version="1.0" encoding="UTF-8"?>
<!-- Generated by org.testng.reporters.JUnitXMLReporter -->
<testsuite hostname="Parmeshwar-QA" name="TC_MA_Panel_Merchant_Wallet_URLkDetails_Active" tests="2" failures="0" timestamp="29 Oct 2018 12:16:07 GMT" time="383.78" errors="0">
  <testcase name="setup" time="0.0" classname="com.Airpay.Tests.TC_MA_Panel_Cash_URLkDetails_Active"/>
  <testcase name="TC_TestCaseName" time="372.761" classname="com.Airpay.Tests.TC_MA_Panel_Cash_URLkDetails_Active"/>
</testsuite> <!-- TC_MA_Panel_Merchant_Wallet_URLkDetails_Active -->
