<?xml version="1.0" encoding="UTF-8"?>
<!-- Generated by org.testng.reporters.JUnitXMLReporter -->
<testsuite hostname="Parmeshwar-QA" name="TC_MA_Panel_Virtual_Account_BankDetails_Inactive" tests="2" failures="0" timestamp="24 Sep 2018 11:40:12 GMT" time="163.224" errors="0">
  <testcase name="setup" time="0.004" classname="com.Airpay.Tests.TC_MA_Panel_Cash_BankDetails_Inactive"/>
  <testcase name="TC_TestCaseName" time="153.786" classname="com.Airpay.Tests.TC_MA_Panel_Cash_BankDetails_Inactive"/>
</testsuite> <!-- TC_MA_Panel_Virtual_Account_BankDetails_Inactive -->
