<?xml version="1.0" encoding="UTF-8"?>
<!-- Generated by org.testng.reporters.JUnitXMLReporter -->
<testsuite hostname="Parmeshwar-QA" name="TC_MA_Panel_RTGS_NEFT_BankDetails_Active" tests="2" failures="0" timestamp="28 Sep 2018 07:10:32 GMT" time="176.903" errors="0">
  <testcase name="setup" time="0.0" classname="com.Airpay.Tests.TC_MA_Panel_Cash_BankDetails_Active"/>
  <testcase name="TC_TestCaseName" time="168.045" classname="com.Airpay.Tests.TC_MA_Panel_Cash_BankDetails_Active"/>
</testsuite> <!-- TC_MA_Panel_RTGS_NEFT_BankDetails_Active -->
