<?xml version="1.0" encoding="UTF-8"?>
<!-- Generated by org.testng.reporters.JUnitXMLReporter -->
<testsuite hostname="Parmeshwar-QA" name="TC_MA_Panel_Virtual_Account_BankDetails_Active" tests="2" failures="0" timestamp="24 Sep 2018 11:49:38 GMT" time="172.218" errors="0">
  <testcase name="setup" time="0.003" classname="com.Airpay.Tests.TC_MA_Panel_Cash_BankDetails_Active"/>
  <testcase name="TC_TestCaseName" time="162.605" classname="com.Airpay.Tests.TC_MA_Panel_Cash_BankDetails_Active"/>
</testsuite> <!-- TC_MA_Panel_Virtual_Account_BankDetails_Active -->
