<?xml version="1.0" encoding="UTF-8"?>
<!-- Generated by org.testng.reporters.JUnitXMLReporter -->
<testsuite hostname="Parmeshwar-QA" name="TC_MA_Panel_ePay_Letter_Merchant_BankDetails_MinAndMax_Range_Val" tests="2" failures="0" timestamp="24 Sep 2018 10:38:11 GMT" time="185.358" errors="0">
  <testcase name="setup" time="0.0" classname="com.Airpay.Tests.TC_MA_Panel_Cash_Merchant_BankDetails_MinAndMax_Range_Val"/>
  <testcase name="TC_TestCaseName" time="176.523" classname="com.Airpay.Tests.TC_MA_Panel_Cash_Merchant_BankDetails_MinAndMax_Range_Val"/>
</testsuite> <!-- TC_MA_Panel_ePay_Letter_Merchant_BankDetails_MinAndMax_Range_Val -->
