<?xml version="1.0" encoding="UTF-8"?>
<!-- Generated by org.testng.reporters.JUnitXMLReporter -->
<testsuite hostname="Parmeshwar-QA" name="TC_MA_Panel_Bharat_QR_BankDetails_Inactive" tests="2" failures="0" timestamp="25 Oct 2018 10:57:06 GMT" time="190.353" errors="0">
  <testcase name="setup" time="0.005" classname="com.Airpay.Tests.TC_MA_Panel_Cash_BankDetails_Inactive"/>
  <testcase name="TC_TestCaseName" time="180.27" classname="com.Airpay.Tests.TC_MA_Panel_Cash_BankDetails_Inactive"/>
</testsuite> <!-- TC_MA_Panel_Bharat_QR_BankDetails_Inactive -->
