<?xml version="1.0" encoding="UTF-8"?>
<!-- Generated by org.testng.reporters.JUnitXMLReporter -->
<testsuite hostname="Parmeshwar-QA" name="TC_MA_panel_RTGS_NEFT_Successfull_Transaction_With_Surchagre_Applied" tests="2" failures="0" timestamp="12 Dec 2018 06:39:17 GMT" time="260.834" errors="0">
  <testcase name="setup" time="0.004" classname="com.Airpay.Tests.TC_MA_panel_RTGS_NEFT_Successfull_Transaction_With_MATransactionDetails"/>
  <testcase name="TC_TestCaseName" time="251.183" classname="com.Airpay.Tests.TC_MA_panel_RTGS_NEFT_Successfull_Transaction_With_MATransactionDetails"/>
</testsuite> <!-- TC_MA_panel_RTGS_NEFT_Successfull_Transaction_With_Surchagre_Applied -->
