<?xml version="1.0" encoding="UTF-8"?>
<!-- Generated by org.testng.reporters.JUnitXMLReporter -->
<testsuite hostname="Parmeshwar-QA" name="TC_PP_UPIAddress_Empty_Transaction_ErrorMessage" tests="2" failures="0" timestamp="3 Dec 2018 11:54:50 GMT" time="21.772" errors="0">
  <testcase name="setup" time="0.0" classname="com.Airpay.Tests.TC_PP_UPI_SuccessTransaction_ErrorMessage"/>
  <testcase name="TC_TestCaseName" time="12.942" classname="com.Airpay.Tests.TC_PP_UPI_SuccessTransaction_ErrorMessage"/>
</testsuite> <!-- TC_PP_UPIAddress_Empty_Transaction_ErrorMessage -->
