<?xml version="1.0" encoding="UTF-8"?>
<!-- Generated by org.testng.reporters.JUnitXMLReporter -->
<testsuite hostname="Parmeshwar-QA" name="TC_PP_15_Credit_Card_Inline_kit" tests="2" failures="0" timestamp="14 Nov 2018 08:11:16 GMT" time="161.626" errors="0">
  <testcase name="setup" time="0.004" classname="com.Airpay.Tests.TC_PP_15_Credit_Card_Inline_kit"/>
  <testcase name="TC_TestCaseName" time="151.463" classname="com.Airpay.Tests.TC_PP_15_Credit_Card_Inline_kit"/>
</testsuite> <!-- TC_PP_15_Credit_Card_Inline_kit -->
