<?xml version="1.0" encoding="UTF-8"?>
<!-- Generated by org.testng.reporters.JUnitXMLReporter -->
<testsuite hostname="Parmeshwar-QA" name="TC_PP_Moto_Transaction_Debit_Card_Successfull_Transaction_with_Surcharge_Applied_400" tests="2" failures="0" timestamp="24 Jan 2019 07:17:19 GMT" time="176.458" errors="0">
  <testcase name="setup" time="0.004" classname="com.Airpay.Tests.TC_PP_Moto_Transaction_Debit_Card_failed_Transaction_with_Surcharge_Applied"/>
  <testcase name="TC_TestCaseName" time="164.323" classname="com.Airpay.Tests.TC_PP_Moto_Transaction_Debit_Card_failed_Transaction_with_Surcharge_Applied"/>
</testsuite> <!-- TC_PP_Moto_Transaction_Debit_Card_Successfull_Transaction_with_Surcharge_Applied_400 -->
