<?xml version="1.0" encoding="UTF-8"?>
<!-- Generated by org.testng.reporters.JUnitXMLReporter -->
<testsuite hostname="Parmeshwar-QA" name="TC_PP_Virtual_Account_Success_transaction_testcase" tests="2" failures="0" timestamp="6 Feb 2019 12:01:44 GMT" time="46.509" errors="0">
  <testcase name="setup" time="0.0" classname="com.Airpay.Tests.TC_PP_Virtual_Account_Success_transaction_testcase"/>
  <testcase name="TC_TestCaseName" time="37.616" classname="com.Airpay.Tests.TC_PP_Virtual_Account_Success_transaction_testcase"/>
</testsuite> <!-- TC_PP_Virtual_Account_Success_transaction_testcase -->
