<?xml version="1.0" encoding="UTF-8"?>
<!-- Generated by org.testng.reporters.JUnitXMLReporter -->
<testsuite hostname="Parmeshwar-QA" name="TC_PP_UPI_Success_Transaction_Updated" tests="2" failures="0" timestamp="24 Dec 2018 07:57:03 GMT" time="35.628" errors="0">
  <testcase name="setup" time="0.005" classname="com.Airpay.Tests.TC_PP_UPI_Success_Transaction_Updated"/>
  <testcase name="TC_TestCaseName" time="22.798" classname="com.Airpay.Tests.TC_PP_UPI_Success_Transaction_Updated"/>
</testsuite> <!-- TC_PP_UPI_Success_Transaction_Updated -->
