<?xml version="1.0" encoding="UTF-8"?>
<!-- Generated by org.testng.reporters.JUnitXMLReporter -->
<testsuite hostname="Parmeshwar-QA" name="TC_PP_SandBox_Transaction_Credit_Card_Failed_Transaction_Inline_kit" tests="2" failures="0" timestamp="14 Nov 2018 08:39:19 GMT" time="29.496" errors="0">
  <testcase name="setup" time="0.0" classname="com.Airpay.Tests.TC_PP_Moto_Transaction_Credit_Card_Failed_Transaction_Inline_kit"/>
  <testcase name="TC_TestCaseName" time="20.65" classname="com.Airpay.Tests.TC_PP_Moto_Transaction_Credit_Card_Failed_Transaction_Inline_kit"/>
</testsuite> <!-- TC_PP_SandBox_Transaction_Credit_Card_Failed_Transaction_Inline_kit -->
