<?xml version="1.0" encoding="UTF-8"?>
<!-- Generated by org.testng.reporters.JUnitXMLReporter -->
<testsuite hostname="Parmeshwar-QA" name="TC_PP_Tez_UPI_Success_Transaction" tests="2" failures="0" timestamp="3 Dec 2018 12:27:36 GMT" time="100.585" errors="0">
  <testcase name="setup" time="0.0" classname="com.Airpay.Tests.TC_PP_Tez_UPI_Success_Transaction"/>
  <testcase name="TC_TestCaseName" time="89.744" classname="com.Airpay.Tests.TC_PP_Tez_UPI_Success_Transaction"/>
</testsuite> <!-- TC_PP_Tez_UPI_Success_Transaction -->
