<?xml version="1.0" encoding="UTF-8"?>
<!-- Generated by org.testng.reporters.JUnitXMLReporter -->
<testsuite hostname="Parmeshwar-QA" name="TC_PP_EMI_Selecting_Bank_verifying" tests="2" failures="0" timestamp="6 Feb 2019 11:53:48 GMT" time="29.159" errors="0">
  <testcase name="setup" time="0.0" classname="com.Airpay.Tests.TC_PP_EMI_Selecting_Bank_verifying"/>
  <testcase name="TC_TestCaseName" time="18.448" classname="com.Airpay.Tests.TC_PP_EMI_Selecting_Bank_verifying"/>
</testsuite> <!-- TC_PP_EMI_Selecting_Bank_verifying -->
