<?xml version="1.0" encoding="UTF-8"?>
<!-- Generated by org.testng.reporters.JUnitXMLReporter -->
<testsuite hostname="Parmeshwar-QA" name="TC_PP_EMI_Selecting_Bank_verifying_NotAppliedBank" tests="2" failures="0" timestamp="28 Jan 2019 09:09:06 GMT" time="33.489" errors="0">
  <testcase name="setup" time="0.0" classname="com.Airpay.Tests.TC_PP_EMI_Invalid_Credit_Card_Number_errMsg"/>
  <testcase name="TC_TestCaseName" time="24.853" classname="com.Airpay.Tests.TC_PP_EMI_Invalid_Credit_Card_Number_errMsg"/>
</testsuite> <!-- TC_PP_EMI_Selecting_Bank_verifying_NotAppliedBank -->
