<?xml version="1.0" encoding="UTF-8"?>
<!-- Generated by org.testng.reporters.JUnitXMLReporter -->
<testsuite hostname="Parmeshwar-QA" name="TC_PP_Moto_Transaction_Debit_Card_failed_Transaction_with_Surcharge_Applied" tests="2" failures="0" timestamp="12 Dec 2018 06:11:44 GMT" time="355.105" errors="0">
  <testcase name="setup" time="0.0" classname="com.Airpay.Tests.TC_PP_Moto_Transaction_Debit_Card_failed_Transaction_with_Surcharge_Applied"/>
  <testcase name="TC_TestCaseName" time="344.124" classname="com.Airpay.Tests.TC_PP_Moto_Transaction_Debit_Card_failed_Transaction_with_Surcharge_Applied"/>
</testsuite> <!-- TC_PP_Moto_Transaction_Debit_Card_failed_Transaction_with_Surcharge_Applied -->
