<?xml version="1.0" encoding="UTF-8"?>
<!-- Generated by org.testng.reporters.JUnitXMLReporter -->
<testsuite hostname="Parmeshwar-QA" name="TC_PP_Wallet_Navigation_page_1200" tests="2" failures="0" timestamp="28 Jan 2019 09:32:05 GMT" time="390.528" errors="0">
  <testcase name="setup" time="0.0" classname="com.Airpay.Tests.TC_PP_Wallet_Navigation_page"/>
  <testcase name="TC_TestCaseName" time="381.69" classname="com.Airpay.Tests.TC_PP_Wallet_Navigation_page"/>
</testsuite> <!-- TC_PP_Wallet_Navigation_page_1200 -->
