<?xml version="1.0" encoding="UTF-8"?>
<!-- Generated by org.testng.reporters.JUnitXMLReporter -->
<testsuite hostname="Parmeshwar-QA" name="TC_PP_Wallet_Banking_popular_wallet_verifying" tests="2" failures="0" timestamp="6 Feb 2019 11:32:38 GMT" time="28.759" errors="0">
  <testcase name="setup" time="0.0" classname="com.Airpay.Tests.TC_PP_Wallet_Banking_popular_wallet_verifying"/>
  <testcase name="TC_TestCaseName" time="17.77" classname="com.Airpay.Tests.TC_PP_Wallet_Banking_popular_wallet_verifying"/>
</testsuite> <!-- TC_PP_Wallet_Banking_popular_wallet_verifying -->
