<?xml version="1.0" encoding="UTF-8"?>
<!-- Generated by org.testng.reporters.JUnitXMLReporter -->
<testsuite hostname="Parmeshwar-QA" name="TC_PP_09_Credit_Card_Inline_kit" tests="2" failures="0" timestamp="30 Oct 2018 10:33:52 GMT" time="99.575" errors="0">
  <testcase name="setup" time="0.005" classname="com.Airpay.Tests.TC_PP_09_Credit_Card_Inline_kit"/>
  <testcase name="TC_TestCaseName" time="89.579" classname="com.Airpay.Tests.TC_PP_09_Credit_Card_Inline_kit"/>
</testsuite> <!-- TC_PP_09_Credit_Card_Inline_kit -->
