<?xml version="1.0" encoding="UTF-8"?>
<!-- Generated by org.testng.reporters.JUnitXMLReporter -->
<testsuite hostname="Parmeshwar-QA" name="TC_PP_EMI_Bank_Type_Verification" tests="2" failures="0" timestamp="6 Feb 2019 11:52:10 GMT" time="22.169" errors="0">
  <testcase name="setup" time="0.0" classname="com.Airpay.Tests.TC_PP_EMI_Bank_Type_Verification"/>
  <testcase name="TC_TestCaseName" time="11.458" classname="com.Airpay.Tests.TC_PP_EMI_Bank_Type_Verification"/>
</testsuite> <!-- TC_PP_EMI_Bank_Type_Verification -->
