<?xml version="1.0" encoding="UTF-8"?>
<!-- Generated by org.testng.reporters.JUnitXMLReporter -->
<testsuite hostname="Parmeshwar-QA" name="TC_PP_Wallet_Navigation_page_1000.01" tests="2" failures="0" timestamp="1 Feb 2019 09:55:09 GMT" time="120.011" errors="0">
  <testcase name="setup" time="0.0" classname="com.Airpay.Tests.TC_PP_Wallet_Navigation_page"/>
  <testcase name="TC_TestCaseName" time="109.059" classname="com.Airpay.Tests.TC_PP_Wallet_Navigation_page"/>
</testsuite> <!-- TC_PP_Wallet_Navigation_page_1000.01 -->
