<?xml version="1.0" encoding="UTF-8"?>
<!-- Generated by org.testng.reporters.JUnitXMLReporter -->
<testsuite hostname="Parmeshwar-QA" name="TC_PP_04_Verify_when_user_does_not_Pass_Mandatory_field" tests="2" failures="0" timestamp="10 Jan 2019 06:15:21 GMT" time="20.221" errors="0">
  <testcase name="setup" time="0.0" classname="com.Airpay.Tests.TC_PP_04"/>
  <testcase name="TC_TestCaseName" time="11.462" classname="com.Airpay.Tests.TC_PP_04"/>
</testsuite> <!-- TC_PP_04_Verify_when_user_does_not_Pass_Mandatory_field -->
