<?xml version="1.0" encoding="UTF-8"?>
<!-- Generated by org.testng.reporters.JUnitXMLReporter -->
<testsuite hostname="Parmeshwar-QA" name="TC_PP_EMI_Blank_Value_RedLine_Error" tests="2" failures="0" timestamp="6 Feb 2019 11:54:12 GMT" time="23.837" errors="0">
  <testcase name="setup" time="0.0" classname="com.Airpay.Tests.TC_PP_EMI_Blank_Value_RedLine_Error_notification"/>
  <testcase name="TC_TestCaseName" time="13.033" classname="com.Airpay.Tests.TC_PP_EMI_Blank_Value_RedLine_Error_notification"/>
</testsuite> <!-- TC_PP_EMI_Blank_Value_RedLine_Error -->
