<?xml version="1.0" encoding="UTF-8"?>
<!-- Generated by org.testng.reporters.JUnitXMLReporter -->
<testsuite hostname="Parmeshwar-QA" name="TC_PP_NetBanking_Reselect_Bank_from_previous_selected_popular_bank" tests="2" failures="0" timestamp="6 Feb 2019 11:31:08 GMT" time="24.316" errors="0">
  <testcase name="setup" time="0.0" classname="com.Airpay.Tests.TC_PP_NetBanking_Previous_Selected_PopularBank"/>
  <testcase name="TC_TestCaseName" time="15.463" classname="com.Airpay.Tests.TC_PP_NetBanking_Previous_Selected_PopularBank"/>
</testsuite> <!-- TC_PP_NetBanking_Reselect_Bank_from_previous_selected_popular_bank -->
