<?xml version="1.0" encoding="UTF-8"?>
<!-- Generated by org.testng.reporters.JUnitXMLReporter -->
<testsuite hostname="Parmeshwar-QA" name="TC_PP_Moto_Transaction_Credit_Card_Successfull_Transaction_with_Surcharge_Applied_500" tests="2" failures="0" timestamp="1 Feb 2019 09:43:42 GMT" time="225.376" errors="0">
  <testcase name="setup" time="0.0" classname="com.Airpay.Tests.TC_PP_Moto_Transaction_Credit_Card_failed_Transaction_with_Surcharge_Applied"/>
  <testcase name="TC_TestCaseName" time="216.436" classname="com.Airpay.Tests.TC_PP_Moto_Transaction_Credit_Card_failed_Transaction_with_Surcharge_Applied"/>
</testsuite> <!-- TC_PP_Moto_Transaction_Credit_Card_Successfull_Transaction_with_Surcharge_Applied_500 -->
