<?xml version="1.0" encoding="UTF-8"?>
<!-- Generated by org.testng.reporters.JUnitXMLReporter -->
<testsuite hostname="Parmeshwar-QA" name="TC_PP_06_Verify_OrderID_and_Trnasaction_Aamount" tests="2" failures="0" timestamp="6 Feb 2019 11:06:57 GMT" time="14.965" errors="0">
  <testcase name="setup" time="0.0" classname="com.Airpay.Tests.TC_PP_06"/>
  <testcase name="TC_TestCaseName" time="6.276" classname="com.Airpay.Tests.TC_PP_06"/>
</testsuite> <!-- TC_PP_06_Verify_OrderID_and_Trnasaction_Aamount -->
