<?xml version="1.0" encoding="UTF-8"?>
<!-- Generated by org.testng.reporters.JUnitXMLReporter -->
<testsuite hostname="Parmeshwar-QA" name="TC_PP_Invalid_UPI_Address_NewDesign" tests="2" failures="0" timestamp="6 Feb 2019 11:43:32 GMT" time="38.159" errors="0">
  <testcase name="setup" time="0.0" classname="com.Airpay.Tests.TC_PP_Invalid_UPI_Address_NewDesign"/>
  <testcase name="TC_TestCaseName" time="27.35" classname="com.Airpay.Tests.TC_PP_Invalid_UPI_Address_NewDesign"/>
</testsuite> <!-- TC_PP_Invalid_UPI_Address_NewDesign -->
