<?xml version="1.0" encoding="UTF-8"?>
<!-- Generated by org.testng.reporters.JUnitXMLReporter -->
<testsuite hostname="Parmeshwar-QA" name="TC_PP_Tez_Session_TimeOut_ErrorMesg_Inline_kit" tests="2" failures="0" timestamp="14 Nov 2018 09:09:00 GMT" time="216.482" errors="0">
  <testcase name="setup" time="0.0" classname="com.Airpay.Tests.TC_PP_Tez_Session_TimeOut_ErrorMesg_Inline_kit"/>
  <testcase name="TC_TestCaseName" time="207.562" classname="com.Airpay.Tests.TC_PP_Tez_Session_TimeOut_ErrorMesg_Inline_kit"/>
</testsuite> <!-- TC_PP_Tez_Session_TimeOut_ErrorMesg_Inline_kit -->
