<?xml version="1.0" encoding="UTF-8"?>
<!-- Generated by org.testng.reporters.JUnitXMLReporter -->
<testsuite hostname="Parmeshwar-QA" name="TC_PP_NetBanking_Specific_Bank_page_validations" tests="2" failures="0" timestamp="6 Feb 2019 11:16:00 GMT" time="76.94" errors="0">
  <testcase name="setup" time="0.0" classname="com.Airpay.Tests.TC_PP_NetBanking_Specific_Bank_page_validations"/>
  <testcase name="TC_TestCaseName" time="65.937" classname="com.Airpay.Tests.TC_PP_NetBanking_Specific_Bank_page_validations"/>
</testsuite> <!-- TC_PP_NetBanking_Specific_Bank_page_validations -->
