<?xml version="1.0" encoding="UTF-8"?>
<!-- Generated by org.testng.reporters.JUnitXMLReporter -->
<testsuite hostname="Parmeshwar-QA" name="TC_PP_PaytmChannel_Session_TimeOut_ErrorMesg" tests="2" failures="0" timestamp="6 Feb 2019 12:05:34 GMT" time="229.479" errors="0">
  <testcase name="setup" time="0.0" classname="com.Airpay.Tests.TC_PP_PaytmChannel_Session_TimeOut_ErrorMesg"/>
  <testcase name="TC_TestCaseName" time="220.619" classname="com.Airpay.Tests.TC_PP_PaytmChannel_Session_TimeOut_ErrorMesg"/>
</testsuite> <!-- TC_PP_PaytmChannel_Session_TimeOut_ErrorMesg -->
