<?xml version="1.0" encoding="UTF-8"?>
<!-- Generated by org.testng.reporters.JUnitXMLReporter -->
<testsuite hostname="Parmeshwar-QA" name="TC_PP_17_Debit_Card_VisaCard" tests="2" failures="0" timestamp="17 Aug 2018 12:04:47 GMT" time="29.008" errors="0">
  <testcase name="setup" time="0.0" classname="com.Airpay.Tests.TC_PP_17_Debit_Card"/>
  <testcase name="TC_TestCaseName" time="18.055" classname="com.Airpay.Tests.TC_PP_17_Debit_Card"/>
</testsuite> <!-- TC_PP_17_Debit_Card_VisaCard -->
