<?xml version="1.0" encoding="UTF-8"?>
<!-- Generated by org.testng.reporters.JUnitXMLReporter -->
<testsuite hostname="Parmeshwar-QA" name="TC_PP_09_Credit_Card_iframe_kit" tests="2" failures="0" timestamp="14 Nov 2018 07:59:11 GMT" time="27.35" errors="0">
  <testcase name="setup" time="0.004" classname="com.Airpay.Tests.TC_PP_09_Credit_Card_Inline_kit"/>
  <testcase name="TC_TestCaseName" time="17.204" classname="com.Airpay.Tests.TC_PP_09_Credit_Card_Inline_kit"/>
</testsuite> <!-- TC_PP_09_Credit_Card_iframe_kit -->
