<?xml version="1.0" encoding="UTF-8"?>
<!-- Generated by org.testng.reporters.JUnitXMLReporter -->
<testsuite hostname="Parmeshwar-QA" name="TC_PP_07_Verify_Footer_Message_with_cancel_link" tests="2" failures="0" timestamp="6 Feb 2019 11:07:15 GMT" time="18.195" errors="0">
  <testcase name="setup" time="0.001" classname="com.Airpay.Tests.TC_PP_07"/>
  <testcase name="TC_TestCaseName" time="9.431" classname="com.Airpay.Tests.TC_PP_07"/>
</testsuite> <!-- TC_PP_07_Verify_Footer_Message_with_cancel_link -->
