<?xml version="1.0" encoding="UTF-8"?>
<!-- Generated by org.testng.reporters.JUnitReportReporter -->
<testsuite hostname="Parmeshwar-QA" name="com.Airpay.Tests.TC_PP_Wallet_Red_Line_Error_Inline_kit" tests="2" failures="0" timestamp="14 Nov 2018 08:28:07 GMT" time="9.506" errors="0">
  <testcase name="setup" time="0.000" classname="com.Airpay.Tests.TC_PP_Wallet_Red_Line_Error_Inline_kit"/>
  <testcase name="TC_TestCaseName" time="9.506" classname="com.Airpay.Tests.TC_PP_Wallet_Red_Line_Error_Inline_kit"/>
</testsuite> <!-- com.Airpay.Tests.TC_PP_Wallet_Red_Line_Error_Inline_kit -->
