<?xml version="1.0" encoding="UTF-8"?>
<!-- Generated by org.testng.reporters.JUnitReportReporter -->
<testsuite hostname="Parmeshwar-QA" name="com.Airpay.Tests.TC_ID_051_Verify_response_added_Convenience_fee_is_reflected_or_not_on_Listing_page" tests="2" failures="0" timestamp="12 Oct 2018 06:33:27 GMT" time="47.691" errors="0">
  <testcase name="TC_TestCaseName" time="47.687" classname="com.Airpay.Tests.TC_ID_051_Verify_response_added_Convenience_fee_is_reflected_or_not_on_Listing_page"/>
  <testcase name="setup" time="0.004" classname="com.Airpay.Tests.TC_ID_051_Verify_response_added_Convenience_fee_is_reflected_or_not_on_Listing_page"/>
</testsuite> <!-- com.Airpay.Tests.TC_ID_051_Verify_response_added_Convenience_fee_is_reflected_or_not_on_Listing_page -->
