<?xml version="1.0" encoding="UTF-8"?>
<!-- Generated by org.testng.reporters.JUnitReportReporter -->
<testsuite hostname="Parmeshwar-QA" name="com.Airpay.Tests.TC_PP_07_Inline_kit" tests="2" failures="0" timestamp="13 Nov 2018 07:23:35 GMT" time="6.783" errors="0">
  <testcase name="setup" time="0.001" classname="com.Airpay.Tests.TC_PP_07_Inline_kit"/>
  <testcase name="TC_TestCaseName" time="6.782" classname="com.Airpay.Tests.TC_PP_07_Inline_kit"/>
</testsuite> <!-- com.Airpay.Tests.TC_PP_07_Inline_kit -->
