<?xml version="1.0" encoding="UTF-8"?>
<!-- Generated by org.testng.reporters.JUnitReportReporter -->
<testsuite hostname="Parmeshwar-QA" name="com.Airpay.Tests.TC_PP_Wallet_user_can_see_the_Email_ID_Mobile_number_fields_after_selecting_Submit_tab_Inline_kit" tests="2" failures="0" timestamp="1 Nov 2018 09:38:24 GMT" time="153.441" errors="0">
  <testcase name="setup" time="0.000" classname="com.Airpay.Tests.TC_PP_Wallet_user_can_see_the_Email_ID_Mobile_number_fields_after_selecting_Submit_tab_Inline_kit"/>
  <testcase name="TC_TestCaseName" time="153.441" classname="com.Airpay.Tests.TC_PP_Wallet_user_can_see_the_Email_ID_Mobile_number_fields_after_selecting_Submit_tab_Inline_kit"/>
</testsuite> <!-- com.Airpay.Tests.TC_PP_Wallet_user_can_see_the_Email_ID_Mobile_number_fields_after_selecting_Submit_tab_Inline_kit -->
