<?xml version="1.0" encoding="UTF-8"?>
<!-- Generated by org.testng.reporters.JUnitReportReporter -->
<testsuite hostname="Parmeshwar-QA" name="com.Airpay.Tests.TC_MA_Panel_Select_Merchant" tests="2" failures="0" timestamp="17 Oct 2018 07:00:56 GMT" time="75.081" errors="0">
  <testcase name="setup" time="0.005" classname="com.Airpay.Tests.TC_MA_Panel_Select_Merchant"/>
  <testcase name="TC_TestCaseName" time="75.076" classname="com.Airpay.Tests.TC_MA_Panel_Select_Merchant"/>
</testsuite> <!-- com.Airpay.Tests.TC_MA_Panel_Select_Merchant -->
