<?xml version="1.0" encoding="UTF-8"?>
<!-- Generated by org.testng.reporters.JUnitXMLReporter -->
<testsuite hostname="Parmeshwar-QA" name="TC_041_Verify_Dropdown_List" tests="2" failures="0" timestamp="12 Dec 2018 05:27:26 GMT" time="112.013" errors="0">
  <testcase name="setup" time="0.0" classname="com.Airpay.Tests.TC_041_Verify_Dropdown_List"/>
  <testcase name="TC_TestCaseName" time="103.258" classname="com.Airpay.Tests.TC_041_Verify_Dropdown_List"/>
</testsuite> <!-- TC_041_Verify_Dropdown_List -->
