<?xml version="1.0" encoding="UTF-8"?>
<!-- Generated by org.testng.reporters.JUnitXMLReporter -->
<testsuite hostname="Parmeshwar-QA" name="TC_004_Tanishqpay_Filter_Option_Paid_Status" tests="2" failures="0" timestamp="25 Mar 2019 09:58:02 GMT" time="39.006" errors="0">
  <testcase name="setup" time="0.003" classname="com.Airpay.Tests.TC_004_Tanishqpay_Filter_Option_Paid_Status"/>
  <testcase name="TC_TestCaseName" time="27.308" classname="com.Airpay.Tests.TC_004_Tanishqpay_Filter_Option_Paid_Status"/>
</testsuite> <!-- TC_004_Tanishqpay_Filter_Option_Paid_Status -->
