<?xml version="1.0" encoding="UTF-8"?>
<!-- Generated by org.testng.reporters.JUnitXMLReporter -->
<testsuite hostname="Parmeshwar-QA" name="TC_057_Edit_Convenience_Fee_rule_listing" tests="2" failures="0" timestamp="12 Oct 2018 06:59:03 GMT" time="443.125" errors="0">
  <testcase name="setup" time="0.004" classname="com.Airpay.Tests.TC_057_Edit_Convenience_Fee_rule_listing"/>
  <testcase name="TC_TestCaseName" time="432.996" classname="com.Airpay.Tests.TC_057_Edit_Convenience_Fee_rule_listing"/>
</testsuite> <!-- TC_057_Edit_Convenience_Fee_rule_listing -->
