<?xml version="1.0" encoding="UTF-8"?>
<!-- Generated by org.testng.reporters.JUnitXMLReporter -->
<testsuite hostname="Parmeshwar-QA" name="TC_001_CA_Panel_VerifyAadhar_and_PAN_number" tests="2" failures="0" timestamp="5 Feb 2019 12:08:44 GMT" time="38.367" errors="0">
  <testcase name="setup" time="0.007" classname="com.Airpay.Tests.TC_001_CA_Panel_VerifyAadhar_and_PAN_number"/>
  <testcase name="TC_TestCaseName" time="26.814" classname="com.Airpay.Tests.TC_001_CA_Panel_VerifyAadhar_and_PAN_number"/>
</testsuite> <!-- TC_001_CA_Panel_VerifyAadhar_and_PAN_number -->
