<?xml version="1.0" encoding="UTF-8"?>
<!-- Generated by org.testng.reporters.JUnitXMLReporter -->
<testsuite hostname="DESKTOP-84C37RD" ignored="0" name="TC_001_SinglePageLink_Verify8" tests="2" failures="0" timestamp="21 Jun 2019 11:54:01 GMT" time="68.783" errors="0">
  <testcase name="setup" time="0.0" classname="com.Airpay.Tests.TC_001_SinglePageLink_Verify"/>
  <testcase name="TC_TestCaseName" time="50.671" classname="com.Airpay.Tests.TC_001_SinglePageLink_Verify"/>
</testsuite> <!-- TC_001_SinglePageLink_Verify8 -->
