<?xml version="1.0" encoding="UTF-8"?>
<!-- Generated by org.testng.reporters.JUnitXMLReporter -->
<testsuite hostname="DESKTOP-84C37RD" ignored="0" name="TC_003_InvoicePayLogo_Verify_through_Link_ImportFieldsValidation" tests="2" failures="0" timestamp="07 Jun 2019 10:11:55 GMT" time="1212.992" errors="0">
  <testcase name="setup" time="0.001" classname="com.Airpay.Tests.TC_002_TanishqPayLogo_Verify_through_Link_ImportFieldsValidation"/>
  <testcase name="TC_TestCaseName" time="1190.263" classname="com.Airpay.Tests.TC_002_TanishqPayLogo_Verify_through_Link_ImportFieldsValidation"/>
</testsuite> <!-- TC_003_InvoicePayLogo_Verify_through_Link_ImportFieldsValidation -->
