<?xml version="1.0" encoding="UTF-8"?>
<!-- Generated by org.testng.reporters.JUnitXMLReporter -->
<testsuite hostname="Parmeshwar-QA" name="TC_001_InvoicePayLogoVerifyThroughSinglePagerLink_Verify" tests="2" failures="0" timestamp="20 Feb 2019 08:24:38 GMT" time="55.091" errors="0">
  <testcase name="setup" time="0.003" classname="com.Airpay.Tests.TC_001_InvoicePayLogoVerifyThroughSinglePagerLink_Verify"/>
  <testcase name="TC_TestCaseName" time="45.512" classname="com.Airpay.Tests.TC_001_InvoicePayLogoVerifyThroughSinglePagerLink_Verify"/>
</testsuite> <!-- TC_001_InvoicePayLogoVerifyThroughSinglePagerLink_Verify -->
