<?xml version="1.0" encoding="UTF-8"?>
<!-- Generated by org.testng.reporters.JUnitXMLReporter -->
<testsuite hostname="Parmeshwar-QA" name="TC_001_InvoicePayLogoVerifyThrough_op_Instance_3" tests="2" failures="0" timestamp="25 Feb 2019 07:42:19 GMT" time="35.46" errors="0">
  <testcase name="setup" time="0.004" classname="com.Airpay.Tests.TC_001_InvoicePayLogoVerifyThroughSinglePagerLink_Verify"/>
  <testcase name="TC_TestCaseName" time="24.31" classname="com.Airpay.Tests.TC_001_InvoicePayLogoVerifyThroughSinglePagerLink_Verify"/>
</testsuite> <!-- TC_001_InvoicePayLogoVerifyThrough_op_Instance_3 -->
