<?xml version="1.0" encoding="UTF-8"?>
<!-- Generated by org.testng.reporters.JUnitXMLReporter -->
<testsuite hostname="Parmeshwar-QA" name="TC_001_CA_Panel_Logo_Verify" tests="2" failures="0" timestamp="22 Jan 2019 11:38:17 GMT" time="32.482" errors="0">
  <testcase name="setup" time="0.004" classname="com.Airpay.Tests.TC_001_CA_Panel_Logo_Verify"/>
  <testcase name="TC_TestCaseName" time="23.075" classname="com.Airpay.Tests.TC_001_CA_Panel_Logo_Verify"/>
</testsuite> <!-- TC_001_CA_Panel_Logo_Verify -->
