<?xml version="1.0" encoding="UTF-8"?>
<!-- Generated by org.testng.reporters.JUnitXMLReporter -->
<testsuite hostname="DESKTOP-84C37RD" ignored="0" name="TC_001_TanishqPayLogoVerify" tests="2" failures="0" timestamp="07 Jun 2019 09:51:41 GMT" time="16879.232" errors="0">
  <testcase name="setup" time="0.019" classname="com.Airpay.Tests.TC_001_TanishqPayLogoVerifyThrough_op"/>
  <testcase name="TC_TestCaseName" time="16844.189" classname="com.Airpay.Tests.TC_001_TanishqPayLogoVerifyThrough_op"/>
</testsuite> <!-- TC_001_TanishqPayLogoVerify -->
