<?xml version="1.0" encoding="UTF-8"?>
<!-- Generated by org.testng.reporters.JUnitXMLReporter -->
<testsuite hostname="Parmeshwar-QA" name="TC_001_SOTC_PayNow_Invoice_Logo_Verify" tests="2" failures="0" timestamp="12 Feb 2019 10:53:24 GMT" time="42.666" errors="0">
  <testcase name="setup" time="0.004" classname="com.Airpay.Tests.TC_001_SOTC_PayNow_Invoice_Logo_Verify"/>
  <testcase name="TC_TestCaseName" time="33.155" classname="com.Airpay.Tests.TC_001_SOTC_PayNow_Invoice_Logo_Verify"/>
</testsuite> <!-- TC_001_SOTC_PayNow_Invoice_Logo_Verify -->
