<?xml version="1.0" encoding="UTF-8"?>
<!-- Generated by org.testng.reporters.JUnitXMLReporter -->
<testsuite hostname="DESKTOP-84C37RD" ignored="0" name="TC_001_SinglePageLink_Verify" tests="2" failures="0" timestamp="21 Jun 2019 07:15:46 GMT" time="47.371" errors="0">
  <testcase name="setup" time="0.006" classname="com.Airpay.Tests.TC_001_SinglePageLink_Verify"/>
  <testcase name="TC_TestCaseName" time="28.488" classname="com.Airpay.Tests.TC_001_SinglePageLink_Verify"/>
</testsuite> <!-- TC_001_SinglePageLink_Verify -->
