<?xml version="1.0" encoding="UTF-8"?>
<!-- Generated by org.testng.reporters.JUnitXMLReporter -->
<testsuite hostname="Parmeshwar-QA" name="TC_001_CA_Panel_Tab_Header_Verify" tests="2" failures="0" timestamp="22 Jan 2019 11:59:08 GMT" time="33.45" errors="0">
  <testcase name="setup" time="0.004" classname="com.Airpay.Tests.TC_001_CA_Panel_Tab_Header_Verify"/>
  <testcase name="TC_TestCaseName" time="24.11" classname="com.Airpay.Tests.TC_001_CA_Panel_Tab_Header_Verify"/>
</testsuite> <!-- TC_001_CA_Panel_Tab_Header_Verify -->
