<?xml version="1.0" encoding="UTF-8"?>
<!-- Generated by org.testng.reporters.JUnitXMLReporter -->
<testsuite hostname="Parmeshwar-QA" name="TC_004_InvoicePay_Payment_Url_Pending_Invoice_expiry_Extend" tests="2" failures="0" timestamp="14 Mar 2019 07:42:28 GMT" time="118.132" errors="0">
  <testcase name="setup" time="0.003" classname="com.Airpay.Tests.TC_004_InvoicePay_Payment_Url_Pending_Invoice_expiry_Extend"/>
  <testcase name="TC_TestCaseName" time="108.823" classname="com.Airpay.Tests.TC_004_InvoicePay_Payment_Url_Pending_Invoice_expiry_Extend"/>
</testsuite> <!-- TC_004_InvoicePay_Payment_Url_Pending_Invoice_expiry_Extend -->
