<?xml version="1.0" encoding="UTF-8"?>
<!-- Generated by org.testng.reporters.JUnitXMLReporter -->
<testsuite hostname="Parmeshwar-QA" name="TC_002_MA_Panel_Save_Card_EnableDisable_ForDebitCard" tests="2" failures="0" timestamp="17 Oct 2018 07:17:52 GMT" time="103.467" errors="0">
  <testcase name="setup" time="0.0" classname="com.Airpay.Tests.TC_MA_Panel_Save_Card_EnableDisable_CheckBox"/>
  <testcase name="TC_TestCaseName" time="94.52" classname="com.Airpay.Tests.TC_MA_Panel_Save_Card_EnableDisable_CheckBox"/>
</testsuite> <!-- TC_002_MA_Panel_Save_Card_EnableDisable_ForDebitCard -->
