<?xml version="1.0" encoding="UTF-8"?>
<!-- Generated by org.testng.reporters.JUnitXMLReporter -->
<testsuite hostname="Parmeshwar-QA" name="TC_002_MA_Panel_Save_Card_Check_Uncheck_ForCreditCard" tests="2" failures="0" timestamp="17 Oct 2018 07:04:09 GMT" time="101.379" errors="0">
  <testcase name="setup" time="0.001" classname="com.Airpay.Tests.TC_MA_Panel_Save_Card_EnableDisable_ForCreditCard"/>
  <testcase name="TC_TestCaseName" time="92.501" classname="com.Airpay.Tests.TC_MA_Panel_Save_Card_EnableDisable_ForCreditCard"/>
</testsuite> <!-- TC_002_MA_Panel_Save_Card_Check_Uncheck_ForCreditCard -->
