<?xml version="1.0" encoding="UTF-8"?>
<!-- Generated by org.testng.reporters.JUnitXMLReporter -->
<testsuite hostname="Parmeshwar-QA" name="TC_001_TanishqPayLogoVerify" tests="2" failures="0" timestamp="20 Mar 2019 07:41:37 GMT" time="47.358" errors="0">
  <testcase name="setup" time="0.003" classname="com.Airpay.Tests.TC_001_TanishqPayLogoVerifyThrough_op"/>
  <testcase name="TC_TestCaseName" time="37.947" classname="com.Airpay.Tests.TC_001_TanishqPayLogoVerifyThrough_op"/>
</testsuite> <!-- TC_001_TanishqPayLogoVerify -->
