<?xml version="1.0" encoding="UTF-8"?>
<!-- Generated by org.testng.reporters.JUnitXMLReporter -->
<testsuite hostname="DESKTOP-84C37RD" ignored="0" name="TC_004_Tanishqpay_Filter_Option_Paid_Status" tests="2" failures="0" timestamp="03 Jun 2019 06:10:00 GMT" time="47.606" errors="0">
  <testcase name="setup" time="0.0" classname="com.Airpay.Tests.TC_004_Tanishqpay_Filter_Option_Paid_Status"/>
  <testcase name="TC_TestCaseName" time="30.077" classname="com.Airpay.Tests.TC_004_Tanishqpay_Filter_Option_Paid_Status"/>
</testsuite> <!-- TC_004_Tanishqpay_Filter_Option_Paid_Status -->
