<?xml version="1.0" encoding="UTF-8"?>
<!-- Generated by org.testng.reporters.JUnitXMLReporter -->
<testsuite hostname="Parmeshwar-QA" name="TC_ID_Activity_1002" tests="2" failures="1" timestamp="9 May 2019 05:47:47 GMT" time="2720.712" errors="0">
  <testcase name="setup" time="0.004" classname="com.Airpay.Tests.Student_Report"/>
  <testcase name="TestCase_Login" time="2704.64" classname="com.Airpay.Tests.Student_Report">
    <failure type="java.lang.NullPointerException">
      <![CDATA[java.lang.NullPointerException
	at com.Airpay.BusinessLogic.Student_Report_BuninessLogic.check_success_payment(Student_Report_BuninessLogic.java:787)
	at com.Airpay.Tests.Student_Report.TestCase_Login(Student_Report.java:39)
	at com.Airpay.Utilities.Create_TestNGXML.createXMLfile(Create_TestNGXML.java:125)
... Removed 45 stack frames]]>
    </failure>
  </testcase> <!-- TestCase_Login -->
</testsuite> <!-- TC_ID_Activity_1002 -->
