<?xml version="1.0" encoding="UTF-8"?>
<!-- Generated by org.testng.reporters.JUnitXMLReporter -->
<testsuite hostname="Parmeshwar-QA" name="TC_ID_017_Verify_can_user_add_one_rule_with_one_Title_name" tests="2" failures="0" timestamp="8 Oct 2018 10:12:09 GMT" time="48.852" errors="0">
  <testcase name="setup" time="0.003" classname="com.Airpay.Tests.TC_ID_017_Verify_can_user_add_one_rule_with_one_Title_name"/>
  <testcase name="TC_TestCaseName" time="36.759" classname="com.Airpay.Tests.TC_ID_017_Verify_can_user_add_one_rule_with_one_Title_name"/>
</testsuite> <!-- TC_ID_017_Verify_can_user_add_one_rule_with_one_Title_name -->
