<?xml version="1.0" encoding="UTF-8"?>
<!-- Generated by org.testng.reporters.JUnitXMLReporter -->
<testsuite hostname="Parmeshwar-QA" name="TC_ID_Create_Individual_Invoice" tests="2" failures="0" timestamp="9 May 2019 08:10:51 GMT" time="195.536" errors="0">
  <testcase name="setup" time="0.004" classname="com.Airpay.Tests.Create_Individual_Invoice_Creation_test"/>
  <testcase name="TestCase_Login" time="185.297" classname="com.Airpay.Tests.Create_Individual_Invoice_Creation_test"/>
</testsuite> <!-- TC_ID_Create_Individual_Invoice -->
