<?xml version="1.0" encoding="UTF-8"?>
<!-- Generated by org.testng.reporters.JUnitXMLReporter -->
<testsuite hostname="Parmeshwar-QA" name="TC_ID_020_Verify_can_user_create_new_rules_on_Merchant_Level_which_is_same_as_Global_level" tests="2" failures="0" timestamp="16 Oct 2018 12:01:40 GMT" time="101.567" errors="0">
  <testcase name="setup" time="0.004" classname="com.Airpay.Tests.TC_ID_020_Verify_can_user_create_new_rules_on_Merchant_Level_which_is_same_as_Global_level"/>
  <testcase name="TC_TestCaseName" time="91.54" classname="com.Airpay.Tests.TC_ID_020_Verify_can_user_create_new_rules_on_Merchant_Level_which_is_same_as_Global_level"/>
</testsuite> <!-- TC_ID_020_Verify_can_user_create_new_rules_on_Merchant_Level_which_is_same_as_Global_level -->
