<?xml version="1.0" encoding="UTF-8"?>
<!-- Generated by org.testng.reporters.JUnitXMLReporter -->
<testsuite hostname="Parmeshwar-QA" name="TC_ID_029_Verify_response_if_we_put_invalid_data_convenience_Fee_amount" tests="2" failures="0" timestamp="12 Dec 2018 05:25:34 GMT" time="105.518" errors="0">
  <testcase name="setup" time="0.0" classname="com.Airpay.Tests.TC_ID_029_Verify_response_if_we_put_invalid_data_convenience_Fee_amount"/>
  <testcase name="TC_TestCaseName" time="96.698" classname="com.Airpay.Tests.TC_ID_029_Verify_response_if_we_put_invalid_data_convenience_Fee_amount"/>
</testsuite> <!-- TC_ID_029_Verify_response_if_we_put_invalid_data_convenience_Fee_amount -->
