<?xml version="1.0" encoding="UTF-8"?>
<!-- Generated by org.testng.reporters.JUnitXMLReporter -->
<testsuite hostname="Parmeshwar-QA" name="TC_ID_Create_Individual_Invoice" tests="2" failures="1" timestamp="15 May 2019 09:44:48 GMT" time="18.833" errors="0">
  <testcase name="setup" time="0.017" classname="com.Airpay.Tests.Create_Individual_Invoice_Creation_test"/>
  <testcase name="TestCase_Login" time="6.352" classname="com.Airpay.Tests.Create_Individual_Invoice_Creation_test">
    <failure type="java.lang.Exception" message="Element Not Present">
      <![CDATA[java.lang.Exception: Element Not Present
	at com.Airpay.Utilities.ElementAction.inputText(ElementAction.java:221)
	at com.Airpay.BusinessLogic.Create_Activity_BusinessLogic.Login(Create_Activity_BusinessLogic.java:30)
	at com.Airpay.Tests.Create_Individual_Invoice_Creation_test.TestCase_Login(Create_Individual_Invoice_Creation_test.java:31)
	at com.Airpay.Utilities.Create_TestNGXML.createXMLfile(Create_TestNGXML.java:123)
... Removed 45 stack frames]]>
    </failure>
  </testcase> <!-- TestCase_Login -->
</testsuite> <!-- TC_ID_Create_Individual_Invoice -->
