<?xml version="1.0" encoding="UTF-8"?>
<!-- Generated by org.testng.reporters.JUnitXMLReporter -->
<testsuite hostname="Parmeshwar-QA" name="TC_MA_Panel_Bharat_QR_Merchant_BankDetails_MinAndMax_Range_Val" tests="2" failures="0" timestamp="25 Oct 2018 11:12:14 GMT" time="204.349" errors="0">
  <testcase name="setup" time="0.0" classname="com.Airpay.Tests.TC_MA_Panel_Cash_Merchant_BankDetails_MinAndMax_Range_Val"/>
  <testcase name="TC_TestCaseName" time="195.385" classname="com.Airpay.Tests.TC_MA_Panel_Cash_Merchant_BankDetails_MinAndMax_Range_Val"/>
</testsuite> <!-- TC_MA_Panel_Bharat_QR_Merchant_BankDetails_MinAndMax_Range_Val -->
