<?xml version="1.0" encoding="UTF-8"?>
<!-- Generated by org.testng.reporters.JUnitXMLReporter -->
<testsuite hostname="Parmeshwar-QA" name="TC_MA_Panel_Amazon_Pay_BankDetails_Active" tests="2" failures="0" timestamp="25 Sep 2018 07:26:18 GMT" time="172.152" errors="0">
  <testcase name="setup" time="0.0" classname="com.Airpay.Tests.TC_MA_Panel_Cash_BankDetails_Active"/>
  <testcase name="TC_TestCaseName" time="163.407" classname="com.Airpay.Tests.TC_MA_Panel_Cash_BankDetails_Active"/>
</testsuite> <!-- TC_MA_Panel_Amazon_Pay_BankDetails_Active -->
