<?xml version="1.0" encoding="UTF-8"?>
<!-- Generated by org.testng.reporters.JUnitXMLReporter -->
<testsuite hostname="Parmeshwar-QA" name="TC_MA_Panel_Bharat_QR_BankDetails_Active" tests="2" failures="0" timestamp="25 Oct 2018 11:01:05 GMT" time="178.292" errors="0">
  <testcase name="setup" time="0.004" classname="com.Airpay.Tests.TC_MA_Panel_Cash_BankDetails_Active"/>
  <testcase name="TC_TestCaseName" time="168.22" classname="com.Airpay.Tests.TC_MA_Panel_Cash_BankDetails_Active"/>
</testsuite> <!-- TC_MA_Panel_Bharat_QR_BankDetails_Active -->
