<?xml version="1.0" encoding="UTF-8"?>
<!-- Generated by org.testng.reporters.JUnitXMLReporter -->
<testsuite hostname="Parmeshwar-QA" name="TC_MA_Panel_ePay_Later_URLkDetails_Active" tests="2" failures="0" timestamp="28 Sep 2018 07:52:15 GMT" time="175.585" errors="0">
  <testcase name="setup" time="0.0" classname="com.Airpay.Tests.TC_MA_Panel_Cash_URLkDetails_Active"/>
  <testcase name="TC_TestCaseName" time="166.784" classname="com.Airpay.Tests.TC_MA_Panel_Cash_URLkDetails_Active"/>
</testsuite> <!-- TC_MA_Panel_ePay_Later_URLkDetails_Active -->
