<?xml version="1.0" encoding="UTF-8"?>
<!-- Generated by org.testng.reporters.JUnitXMLReporter -->
<testsuite hostname="Parmeshwar-QA" name="TC_MA_Panel_ePay_Letter_BankDetails_Active" tests="2" failures="0" timestamp="24 Sep 2018 10:27:40 GMT" time="175.41" errors="0">
  <testcase name="setup" time="0.0" classname="com.Airpay.Tests.TC_MA_Panel_Cash_BankDetails_Active"/>
  <testcase name="TC_TestCaseName" time="164.382" classname="com.Airpay.Tests.TC_MA_Panel_Cash_BankDetails_Active"/>
</testsuite> <!-- TC_MA_Panel_ePay_Letter_BankDetails_Active -->
