<?xml version="1.0" encoding="UTF-8"?>
<!-- Generated by org.testng.reporters.JUnitXMLReporter -->
<testsuite hostname="Parmeshwar-QA" name="TC_MA_Panel_ePay_Letter_URLkDetails_Active" tests="2" failures="0" timestamp="24 Sep 2018 10:35:06 GMT" time="163.448" errors="0">
  <testcase name="setup" time="0.001" classname="com.Airpay.Tests.TC_MA_Panel_Cash_URLkDetails_Active"/>
  <testcase name="TC_TestCaseName" time="152.416" classname="com.Airpay.Tests.TC_MA_Panel_Cash_URLkDetails_Active"/>
</testsuite> <!-- TC_MA_Panel_ePay_Letter_URLkDetails_Active -->
