<?xml version="1.0" encoding="UTF-8"?>
<!-- Generated by org.testng.reporters.JUnitXMLReporter -->
<testsuite hostname="Parmeshwar-QA" name="TC_MA_Panel_NetBanking_Merchant_URLDetails_MinAndMax_Range_val" tests="2" failures="0" timestamp="28 Sep 2018 06:42:42 GMT" time="444.023" errors="0">
  <testcase name="setup" time="0.0" classname="com.Airpay.Tests.TC_MA_Panel_NetBanking_URLDetails_MinAndMax_Range_val"/>
  <testcase name="TC_TestCaseName" time="435.003" classname="com.Airpay.Tests.TC_MA_Panel_NetBanking_URLDetails_MinAndMax_Range_val"/>
</testsuite> <!-- TC_MA_Panel_NetBanking_Merchant_URLDetails_MinAndMax_Range_val -->
