<?xml version="1.0" encoding="UTF-8"?>
<!-- Generated by org.testng.reporters.JUnitXMLReporter -->
<testsuite hostname="Parmeshwar-QA" name="TC_MA_panel_Virtual_Transaction_Successfull_Transaction_With_MATransactionDetails" tests="2" failures="0" timestamp="25 Sep 2018 05:02:09 GMT" time="343.23" errors="0">
  <testcase name="setup" time="0.004" classname="com.Airpay.Tests.TC_MA_panel_Virtual_Transaction_Successfull_Transaction_With_MATransactionDetails"/>
  <testcase name="TC_TestCaseName" time="333.525" classname="com.Airpay.Tests.TC_MA_panel_Virtual_Transaction_Successfull_Transaction_With_MATransactionDetails"/>
</testsuite> <!-- TC_MA_panel_Virtual_Transaction_Successfull_Transaction_With_MATransactionDetails -->
