<?xml version="1.0" encoding="UTF-8"?>
<!-- Generated by org.testng.reporters.JUnitXMLReporter -->
<testsuite hostname="Parmeshwar-QA" name="TC_MA_Panel_Amex_eZeClick_BankDetails_Inactive" tests="2" failures="0" timestamp="29 Oct 2018 06:14:05 GMT" time="305.609" errors="0">
  <testcase name="setup" time="0.003" classname="com.Airpay.Tests.TC_MA_Panel_Cash_BankDetails_Inactive"/>
  <testcase name="TC_TestCaseName" time="295.573" classname="com.Airpay.Tests.TC_MA_Panel_Cash_BankDetails_Inactive"/>
</testsuite> <!-- TC_MA_Panel_Amex_eZeClick_BankDetails_Inactive -->
