<?xml version="1.0" encoding="UTF-8"?>
<!-- Generated by org.testng.reporters.JUnitXMLReporter -->
<testsuite hostname="Parmeshwar-QA" name="TC_MA_Panel_Bharat_QR_URLkDetails_Active" tests="2" failures="0" timestamp="25 Oct 2018 11:08:50 GMT" time="232.466" errors="0">
  <testcase name="setup" time="0.0" classname="com.Airpay.Tests.TC_MA_Panel_Cash_URLkDetails_Active"/>
  <testcase name="TC_TestCaseName" time="223.545" classname="com.Airpay.Tests.TC_MA_Panel_Cash_URLkDetails_Active"/>
</testsuite> <!-- TC_MA_Panel_Bharat_QR_URLkDetails_Active -->
