<?xml version="1.0" encoding="UTF-8"?>
<!-- Generated by org.testng.reporters.JUnitXMLReporter -->
<testsuite hostname="Parmeshwar-QA" name="TC_MA_Panel_UPI_Merchant_BankDetails_MinAndMax_Range_Val" tests="2" failures="0" timestamp="28 Sep 2018 07:40:32 GMT" time="202.282" errors="0">
  <testcase name="setup" time="0.0" classname="com.Airpay.Tests.TC_MA_Panel_Cash_Merchant_BankDetails_MinAndMax_Range_Val"/>
  <testcase name="TC_TestCaseName" time="191.295" classname="com.Airpay.Tests.TC_MA_Panel_Cash_Merchant_BankDetails_MinAndMax_Range_Val"/>
</testsuite> <!-- TC_MA_Panel_UPI_Merchant_BankDetails_MinAndMax_Range_Val -->
