<?xml version="1.0" encoding="UTF-8"?>
<!-- Generated by org.testng.reporters.JUnitXMLReporter -->
<testsuite hostname="Parmeshwar-QA" name="TC_MA_Panel_RTGS_NEFT_Merchant_BankDetails_MinAndMax_Range_Val" tests="2" failures="0" timestamp="28 Sep 2018 07:19:01 GMT" time="190.942" errors="0">
  <testcase name="setup" time="0.0" classname="com.Airpay.Tests.TC_MA_Panel_Cash_Merchant_BankDetails_MinAndMax_Range_Val"/>
  <testcase name="TC_TestCaseName" time="179.968" classname="com.Airpay.Tests.TC_MA_Panel_Cash_Merchant_BankDetails_MinAndMax_Range_Val"/>
</testsuite> <!-- TC_MA_Panel_RTGS_NEFT_Merchant_BankDetails_MinAndMax_Range_Val -->
