<?xml version="1.0" encoding="UTF-8"?>
<!-- Generated by org.testng.reporters.JUnitXMLReporter -->
<testsuite hostname="Parmeshwar-QA" name="TC_PP_09_Debit_Card_Inline_kit" tests="2" failures="0" timestamp="30 Oct 2018 11:03:13 GMT" time="35.979" errors="0">
  <testcase name="setup" time="0.004" classname="com.Airpay.Tests.TC_PP_09_Debit_Card_Inline_kit"/>
  <testcase name="TC_TestCaseName" time="25.854" classname="com.Airpay.Tests.TC_PP_09_Debit_Card_Inline_kit"/>
</testsuite> <!-- TC_PP_09_Debit_Card_Inline_kit -->
