<?xml version="1.0" encoding="UTF-8"?>
<!-- Generated by org.testng.reporters.JUnitXMLReporter -->
<testsuite hostname="Parmeshwar-QA" name="TC_PP_UPI_Session_TimeOut_ErrorMessage" tests="2" failures="0" timestamp="6 Feb 2019 11:44:10 GMT" time="37.796" errors="0">
  <testcase name="setup" time="0.0" classname="com.Airpay.Tests.TC_PP_valid_UPI_SessionTimeOut_ErrMsg_NewDesign"/>
  <testcase name="TC_TestCaseName" time="26.921" classname="com.Airpay.Tests.TC_PP_valid_UPI_SessionTimeOut_ErrMsg_NewDesign"/>
</testsuite> <!-- TC_PP_UPI_Session_TimeOut_ErrorMessage -->
