<?xml version="1.0" encoding="UTF-8"?>
<!-- Generated by org.testng.reporters.JUnitXMLReporter -->
<testsuite hostname="Parmeshwar-QA" name="TC_PP_BharatOR_BarCode_Session_TimeOut_errVerification" tests="2" failures="0" timestamp="6 Feb 2019 11:59:26 GMT" time="229.317" errors="0">
  <testcase name="setup" time="0.0" classname="com.Airpay.Tests.TC_PP_BharatOR_BarCode_Session_TimeOut_errVerification"/>
  <testcase name="TC_TestCaseName" time="220.365" classname="com.Airpay.Tests.TC_PP_BharatOR_BarCode_Session_TimeOut_errVerification"/>
</testsuite> <!-- TC_PP_BharatOR_BarCode_Session_TimeOut_errVerification -->
