<?xml version="1.0" encoding="UTF-8"?>
<!-- Generated by org.testng.reporters.JUnitXMLReporter -->
<testsuite hostname="Parmeshwar-QA" name="TC_PP_Moto_Transaction_Credit_Card_Successfull_Transaction_with_Surcharge_Applied_900" tests="2" failures="0" timestamp="28 Jan 2019 08:51:42 GMT" time="179.916" errors="0">
  <testcase name="setup" time="0.0" classname="com.Airpay.Tests.TC_PP_Moto_Transaction_Credit_Card_failed_Transaction_with_Surcharge_Applied"/>
  <testcase name="TC_TestCaseName" time="169.041" classname="com.Airpay.Tests.TC_PP_Moto_Transaction_Credit_Card_failed_Transaction_with_Surcharge_Applied"/>
</testsuite> <!-- TC_PP_Moto_Transaction_Credit_Card_Successfull_Transaction_with_Surcharge_Applied_900 -->
