<?xml version="1.0" encoding="UTF-8"?>
<!-- Generated by org.testng.reporters.JUnitXMLReporter -->
<testsuite hostname="Parmeshwar-QA" name="TC_PP_UPIAddress_Empty_Transaction_ErrorMessage_NewDesign_999.99" tests="2" failures="0" timestamp="1 Feb 2019 09:58:27 GMT" time="98.778" errors="0">
  <testcase name="setup" time="0.0" classname="com.Airpay.Tests.TC_PP_UPIAddress_Empty_Transaction_ErrorMessage_NewDesign"/>
  <testcase name="TC_TestCaseName" time="89.991" classname="com.Airpay.Tests.TC_PP_UPIAddress_Empty_Transaction_ErrorMessage_NewDesign"/>
</testsuite> <!-- TC_PP_UPIAddress_Empty_Transaction_ErrorMessage_NewDesign_999.99 -->
