<?xml version="1.0" encoding="UTF-8"?>
<!-- Generated by org.testng.reporters.JUnitXMLReporter -->
<testsuite hostname="Parmeshwar-QA" name="TC_PP_Moto_Transaction_Debit_Card_Successfull_Transaction_with_Surcharge_Applied_Gt" tests="2" failures="0" timestamp="1 Feb 2019 09:37:09 GMT" time="300.171" errors="0">
  <testcase name="setup" time="0.0" classname="com.Airpay.Tests.TC_PP_Moto_Transaction_Debit_Card_failed_Transaction_with_Surcharge_Applied"/>
  <testcase name="TC_TestCaseName" time="291.265" classname="com.Airpay.Tests.TC_PP_Moto_Transaction_Debit_Card_failed_Transaction_with_Surcharge_Applied"/>
</testsuite> <!-- TC_PP_Moto_Transaction_Debit_Card_Successfull_Transaction_with_Surcharge_Applied_Gt -->
