<?xml version="1.0" encoding="UTF-8"?>
<!-- Generated by org.testng.reporters.JUnitXMLReporter -->
<testsuite hostname="Parmeshwar-QA" name="TC_PP_01_Verify_when_user_does_not_Pass_Amount" tests="2" failures="0" timestamp="11 Feb 2019 08:07:56 GMT" time="14.972" errors="0">
  <testcase name="setup" time="0.003" classname="com.Airpay.Tests.TC_PP_01"/>
  <testcase name="TC_TestCaseName" time="3.246" classname="com.Airpay.Tests.TC_PP_01"/>
</testsuite> <!-- TC_PP_01_Verify_when_user_does_not_Pass_Amount -->
