<?xml version="1.0" encoding="UTF-8"?>
<!-- Generated by org.testng.reporters.JUnitXMLReporter -->
<testsuite hostname="Parmeshwar-QA" name="TC_PP_EMI_Card_logo_Appearance_Inline_kit" tests="2" failures="0" timestamp="14 Nov 2018 08:22:03 GMT" time="20.548" errors="0">
  <testcase name="setup" time="0.0" classname="com.Airpay.Tests.TC_PP_EMI_Card_logo_Appearance_Inline_kit"/>
  <testcase name="TC_TestCaseName" time="11.743" classname="com.Airpay.Tests.TC_PP_EMI_Card_logo_Appearance_Inline_kit"/>
</testsuite> <!-- TC_PP_EMI_Card_logo_Appearance_Inline_kit -->
