<?xml version="1.0" encoding="UTF-8"?>
<!-- Generated by org.testng.reporters.JUnitXMLReporter -->
<testsuite hostname="Parmeshwar-QA" name="TC_PP_RTGS_And_NEFT_SuccessTransaction" tests="2" failures="0" timestamp="6 Feb 2019 11:25:21 GMT" time="33.331" errors="0">
  <testcase name="setup" time="0.001" classname="com.Airpay.Tests.TC_PP_RTGS_And_NEFT_SuccessTransaction"/>
  <testcase name="TC_TestCaseName" time="24.482" classname="com.Airpay.Tests.TC_PP_RTGS_And_NEFT_SuccessTransaction"/>
</testsuite> <!-- TC_PP_RTGS_And_NEFT_SuccessTransaction -->
