<?xml version="1.0" encoding="UTF-8"?>
<!-- Generated by org.testng.reporters.JUnitXMLReporter -->
<testsuite hostname="Parmeshwar-QA" name="TC_PP_Moto_Transaction_Credit_Card_Successfull_Transaction_with_Surcharge_Applied" tests="2" failures="0" timestamp="23 Oct 2018 11:45:52 GMT" time="660.755" errors="0">
  <testcase name="setup" time="0.004" classname="com.Airpay.Tests.TC_PP_Moto_Transaction_Credit_Card_Successfull_Transaction_with_Surcharge_Applied"/>
  <testcase name="TC_TestCaseName" time="650.56" classname="com.Airpay.Tests.TC_PP_Moto_Transaction_Credit_Card_Successfull_Transaction_with_Surcharge_Applied"/>
</testsuite> <!-- TC_PP_Moto_Transaction_Credit_Card_Successfull_Transaction_with_Surcharge_Applied -->
