<?xml version="1.0" encoding="UTF-8"?>
<!-- Generated by org.testng.reporters.JUnitXMLReporter -->
<testsuite hostname="Parmeshwar-QA" name="TC_PP_Moto_Transaction_Credit_Card_Failed_Transaction" tests="2" failures="0" timestamp="6 Feb 2019 11:38:02 GMT" time="33.702" errors="0">
  <testcase name="setup" time="0.0" classname="com.Airpay.Tests.TC_PP_Moto_Transaction_Credit_Card_Failed_Transaction"/>
  <testcase name="TC_TestCaseName" time="24.595" classname="com.Airpay.Tests.TC_PP_Moto_Transaction_Credit_Card_Failed_Transaction"/>
</testsuite> <!-- TC_PP_Moto_Transaction_Credit_Card_Failed_Transaction -->
