<?xml version="1.0" encoding="UTF-8"?>
<!-- Generated by org.testng.reporters.JUnitXMLReporter -->
<testsuite hostname="Parmeshwar-QA" name="TC_PP_17_Credit_Card_DinnerClubCard" tests="2" failures="0" timestamp="14 Nov 2018 08:24:17 GMT" time="43.888" errors="0">
  <testcase name="setup" time="0.0" classname="com.Airpay.Tests.TC_PP_17_Credit_Card_Inline_kit"/>
  <testcase name="TC_TestCaseName" time="35.108" classname="com.Airpay.Tests.TC_PP_17_Credit_Card_Inline_kit"/>
</testsuite> <!-- TC_PP_17_Credit_Card_DinnerClubCard -->
