<?xml version="1.0" encoding="UTF-8"?>
<!-- Generated by org.testng.reporters.JUnitXMLReporter -->
<testsuite hostname="Parmeshwar-QA" name="TC_PP_BharatOR_BarCode_Session_TimeOut_errVerification_Inline_kit" tests="2" failures="0" timestamp="14 Nov 2018 09:00:14 GMT" time="219.351" errors="0">
  <testcase name="setup" time="0.0" classname="com.Airpay.Tests.TC_PP_BharatOR_BarCode_Session_TimeOut_errVerification_Inline_kit"/>
  <testcase name="TC_TestCaseName" time="210.417" classname="com.Airpay.Tests.TC_PP_BharatOR_BarCode_Session_TimeOut_errVerification_Inline_kit"/>
</testsuite> <!-- TC_PP_BharatOR_BarCode_Session_TimeOut_errVerification_Inline_kit -->
