<?xml version="1.0" encoding="UTF-8"?>
<!-- Generated by org.testng.reporters.JUnitXMLReporter -->
<testsuite hostname="Parmeshwar-QA" name="TC_PP_09_verify_Debit_Card_Red_line_errors" tests="2" failures="0" timestamp="6 Feb 2019 11:08:58 GMT" time="30.166" errors="0">
  <testcase name="setup" time="0.0" classname="com.Airpay.Tests.TC_PP_09_Debit_Card"/>
  <testcase name="TC_TestCaseName" time="19.269" classname="com.Airpay.Tests.TC_PP_09_Debit_Card"/>
</testsuite> <!-- TC_PP_09_verify_Debit_Card_Red_line_errors -->
