<?xml version="1.0" encoding="UTF-8"?>
<!-- Generated by org.testng.reporters.JUnitXMLReporter -->
<testsuite hostname="Parmeshwar-QA" name="TC_PP_BharatOR_BarCode_Cross_btn_errVerification" tests="2" failures="0" timestamp="6 Feb 2019 11:55:36 GMT" time="51.601" errors="0">
  <testcase name="setup" time="0.0" classname="com.Airpay.Tests.TC_PP_BharatOR_BarCode_CrossBtn_Error_verification"/>
  <testcase name="TC_TestCaseName" time="40.789" classname="com.Airpay.Tests.TC_PP_BharatOR_BarCode_CrossBtn_Error_verification"/>
</testsuite> <!-- TC_PP_BharatOR_BarCode_Cross_btn_errVerification -->
