<?xml version="1.0" encoding="UTF-8"?>
<!-- Generated by org.testng.reporters.JUnitXMLReporter -->
<testsuite hostname="Parmeshwar-QA" name="TC_PP_BharatOR_BarCode_img_verification_Inline_kit" tests="2" failures="0" timestamp="14 Nov 2018 08:56:00 GMT" time="23.905" errors="0">
  <testcase name="setup" time="0.001" classname="com.Airpay.Tests.TC_PP_BharatOR_BarCode_img_verification_Inline_kit"/>
  <testcase name="TC_TestCaseName" time="14.933" classname="com.Airpay.Tests.TC_PP_BharatOR_BarCode_img_verification_Inline_kit"/>
</testsuite> <!-- TC_PP_BharatOR_BarCode_img_verification_Inline_kit -->
