<?xml version="1.0" encoding="UTF-8"?>
<!-- Generated by org.testng.reporters.JUnitXMLReporter -->
<testsuite hostname="Parmeshwar-QA" name="TC_PP_EMI_Card_logo_Appearance" tests="2" failures="0" timestamp="6 Feb 2019 11:26:54 GMT" time="22.816" errors="0">
  <testcase name="setup" time="0.0" classname="com.Airpay.Tests.TC_PP_EMI_Card_logo_Appearance"/>
  <testcase name="TC_TestCaseName" time="13.906" classname="com.Airpay.Tests.TC_PP_EMI_Card_logo_Appearance"/>
</testsuite> <!-- TC_PP_EMI_Card_logo_Appearance -->
