<?xml version="1.0" encoding="UTF-8"?>
<!-- Generated by org.testng.reporters.JUnitXMLReporter -->
<testsuite hostname="Parmeshwar-QA" name="TC_PP_TezAddress_Empty_field_ErrorRedLines" tests="2" failures="0" timestamp="3 Dec 2018 12:19:35 GMT" time="93.341" errors="0">
  <testcase name="setup" time="0.0" classname="com.Airpay.Tests.TC_PP_TezAddress_Empty_field_ErrorRedLines"/>
  <testcase name="TC_TestCaseName" time="82.412" classname="com.Airpay.Tests.TC_PP_TezAddress_Empty_field_ErrorRedLines"/>
</testsuite> <!-- TC_PP_TezAddress_Empty_field_ErrorRedLines -->
