<?xml version="1.0" encoding="UTF-8"?>
<!-- Generated by org.testng.reporters.JUnitXMLReporter -->
<testsuite hostname="Parmeshwar-QA" name="TC_PP_12_verify_Indian_card_ErrorMessages" tests="2" failures="0" timestamp="6 Feb 2019 11:10:52 GMT" time="29.589" errors="0">
  <testcase name="setup" time="0.0" classname="com.Airpay.Tests.TC_PP_12"/>
  <testcase name="TC_TestCaseName" time="20.804" classname="com.Airpay.Tests.TC_PP_12"/>
</testsuite> <!-- TC_PP_12_verify_Indian_card_ErrorMessages -->
