<?xml version="1.0" encoding="UTF-8"?>
<!-- Generated by org.testng.reporters.JUnitXMLReporter -->
<testsuite hostname="Parmeshwar-QA" name="TC_PP_EMI_Bank_Type_Verification_sa" tests="2" failures="0" timestamp="24 Jan 2019 04:16:17 GMT" time="22.911" errors="0">
  <testcase name="setup" time="0.003" classname="com.Airpay.Tests.TC_PP_EMI_Bank_Type_Verification"/>
  <testcase name="TC_TestCaseName" time="13.465" classname="com.Airpay.Tests.TC_PP_EMI_Bank_Type_Verification"/>
</testsuite> <!-- TC_PP_EMI_Bank_Type_Verification_sa -->
