<?xml version="1.0" encoding="UTF-8"?>
<!-- Generated by org.testng.reporters.JUnitXMLReporter -->
<testsuite hostname="Parmeshwar-QA" name="TC_PP_UPIAddress_Empty_Transaction_ErrorMessage_NewDesign" tests="2" failures="0" timestamp="6 Feb 2019 11:42:54 GMT" time="38.439" errors="0">
  <testcase name="setup" time="0.0" classname="com.Airpay.Tests.TC_PP_UPIAddress_Empty_Transaction_ErrorMessage_NewDesign"/>
  <testcase name="TC_TestCaseName" time="29.64" classname="com.Airpay.Tests.TC_PP_UPIAddress_Empty_Transaction_ErrorMessage_NewDesign"/>
</testsuite> <!-- TC_PP_UPIAddress_Empty_Transaction_ErrorMessage_NewDesign -->
