<?xml version="1.0" encoding="UTF-8"?>
<!-- Generated by org.testng.reporters.JUnitXMLReporter -->
<testsuite hostname="Parmeshwar-QA" name="TC_PP_15_Debit_Card_Cancel_Transaction_from_bankPage" tests="2" failures="0" timestamp="6 Feb 2019 11:14:14 GMT" time="75.493" errors="0">
  <testcase name="setup" time="0.0" classname="com.Airpay.Tests.TC_PP_15_Debit_Card"/>
  <testcase name="TC_TestCaseName" time="66.783" classname="com.Airpay.Tests.TC_PP_15_Debit_Card"/>
</testsuite> <!-- TC_PP_15_Debit_Card_Cancel_Transaction_from_bankPage -->
