<?xml version="1.0" encoding="UTF-8"?>
<!-- Generated by org.testng.reporters.JUnitXMLReporter -->
<testsuite hostname="Parmeshwar-QA" name="TC_PP_Tez_Session_Cancel_Popup_ErrorMessage" tests="2" failures="0" timestamp="3 Dec 2018 12:24:18 GMT" time="93.299" errors="0">
  <testcase name="setup" time="0.0" classname="com.Airpay.Tests.TC_PP_Tez_Session_Cancel_Popup_ErrorMessage"/>
  <testcase name="TC_TestCaseName" time="84.435" classname="com.Airpay.Tests.TC_PP_Tez_Session_Cancel_Popup_ErrorMessage"/>
</testsuite> <!-- TC_PP_Tez_Session_Cancel_Popup_ErrorMessage -->
