<?xml version="1.0" encoding="UTF-8"?>
<!-- Generated by org.testng.reporters.JUnitXMLReporter -->
<testsuite hostname="Parmeshwar-QA" name="TC_PP_TezAddress_Empty_field_ErrorRedLines_Inline_kit" tests="2" failures="0" timestamp="14 Nov 2018 09:04:31 GMT" time="18.383" errors="0">
  <testcase name="setup" time="0.0" classname="com.Airpay.Tests.TC_PP_TezAddress_Empty_field_ErrorRedLines_Inline_kit"/>
  <testcase name="TC_TestCaseName" time="9.49" classname="com.Airpay.Tests.TC_PP_TezAddress_Empty_field_ErrorRedLines_Inline_kit"/>
</testsuite> <!-- TC_PP_TezAddress_Empty_field_ErrorRedLines_Inline_kit -->
