<?xml version="1.0" encoding="UTF-8"?>
<!-- Generated by org.testng.reporters.JUnitXMLReporter -->
<testsuite hostname="Parmeshwar-QA" name="TC_PP_09_Debit_Card_iframe_kit" tests="2" failures="0" timestamp="14 Nov 2018 07:39:11 GMT" time="25.69" errors="0">
  <testcase name="setup" time="0.001" classname="com.Airpay.Tests.TC_PP_09_Debit_Card_Inline_kit"/>
  <testcase name="TC_TestCaseName" time="16.865" classname="com.Airpay.Tests.TC_PP_09_Debit_Card_Inline_kit"/>
</testsuite> <!-- TC_PP_09_Debit_Card_iframe_kit -->
