<?xml version="1.0" encoding="UTF-8"?>
<!-- Generated by org.testng.reporters.JUnitXMLReporter -->
<testsuite hostname="Parmeshwar-QA" name="TC_PP_09_AMEX_Credit_iframe_Kit" tests="2" failures="0" timestamp="14 Nov 2018 07:38:46 GMT" time="30.927" errors="0">
  <testcase name="setup" time="0.0" classname="com.Airpay.Tests.TC_PP_09_AMEX_Credit_Inline_Kit"/>
  <testcase name="TC_TestCaseName" time="22.092" classname="com.Airpay.Tests.TC_PP_09_AMEX_Credit_Inline_Kit"/>
</testsuite> <!-- TC_PP_09_AMEX_Credit_iframe_Kit -->
