<?xml version="1.0" encoding="UTF-8"?>
<!-- Generated by org.testng.reporters.JUnitXMLReporter -->
<testsuite hostname="Parmeshwar-QA" name="TC_PP_11_verify_Invalid_Credit_Card_Details_with_Messages" tests="2" failures="0" timestamp="6 Feb 2019 11:09:50 GMT" time="31.222" errors="0">
  <testcase name="setup" time="0.0" classname="com.Airpay.Tests.TC_PP_11_Credit_Card"/>
  <testcase name="TC_TestCaseName" time="22.45" classname="com.Airpay.Tests.TC_PP_11_Credit_Card"/>
</testsuite> <!-- TC_PP_11_verify_Invalid_Credit_Card_Details_with_Messages -->
