<?xml version="1.0" encoding="UTF-8"?>
<!-- Generated by org.testng.reporters.JUnitXMLReporter -->
<testsuite hostname="Parmeshwar-QA" name="TC_PP_15_Credit_Card_Cancel_Transaction_from_bankPage" tests="2" failures="0" timestamp="6 Feb 2019 11:12:58 GMT" time="62.016" errors="0">
  <testcase name="setup" time="0.0" classname="com.Airpay.Tests.TC_PP_15_Credit_Card"/>
  <testcase name="TC_TestCaseName" time="51.031" classname="com.Airpay.Tests.TC_PP_15_Credit_Card"/>
</testsuite> <!-- TC_PP_15_Credit_Card_Cancel_Transaction_from_bankPage -->
