<?xml version="1.0" encoding="UTF-8"?>
<!-- Generated by org.testng.reporters.JUnitXMLReporter -->
<testsuite hostname="Parmeshwar-QA" name="TC_PP_NetBanking_Specific_Bank_page_validations_1000.00" tests="2" failures="0" timestamp="28 Jan 2019 09:48:47 GMT" time="70.169" errors="0">
  <testcase name="setup" time="0.0" classname="com.Airpay.Tests.TC_PP_NetBanking_Specific_Bank_page_validations"/>
  <testcase name="TC_TestCaseName" time="59.32" classname="com.Airpay.Tests.TC_PP_NetBanking_Specific_Bank_page_validations"/>
</testsuite> <!-- TC_PP_NetBanking_Specific_Bank_page_validations_1000.00 -->
