<?xml version="1.0" encoding="UTF-8"?>
<!-- Generated by org.testng.reporters.JUnitXMLReporter -->
<testsuite hostname="Parmeshwar-QA" name="TC_PP_01_Verify_when_user_does_not_Pass_Mandatory_field" tests="2" failures="0" timestamp="10 Jan 2019 06:14:37 GMT" time="14.752" errors="0">
  <testcase name="setup" time="0.004" classname="com.Airpay.Tests.TC_PP_01"/>
  <testcase name="TC_TestCaseName" time="5.055" classname="com.Airpay.Tests.TC_PP_01"/>
</testsuite> <!-- TC_PP_01_Verify_when_user_does_not_Pass_Mandatory_field -->
