<?xml version="1.0" encoding="UTF-8"?>
<!-- Generated by org.testng.reporters.JUnitXMLReporter -->
<testsuite hostname="Parmeshwar-QA" name="TC_PP_BharatOR_BarCode_img_verification_499.99" tests="2" failures="0" timestamp="28 Jan 2019 09:38:30 GMT" time="40.588" errors="0">
  <testcase name="setup" time="0.0" classname="com.Airpay.Tests.TC_PP_BharatOR_BarCode_img_verification"/>
  <testcase name="TC_TestCaseName" time="31.703" classname="com.Airpay.Tests.TC_PP_BharatOR_BarCode_img_verification"/>
</testsuite> <!-- TC_PP_BharatOR_BarCode_img_verification_499.99 -->
