<?xml version="1.0" encoding="UTF-8"?>
<!-- Generated by org.testng.reporters.JUnitXMLReporter -->
<testsuite hostname="Parmeshwar-QA" name="TC_PP_EMI_Invalid_Credit_Card_Details" tests="2" failures="0" timestamp="6 Feb 2019 11:52:48 GMT" time="37.173" errors="0">
  <testcase name="setup" time="0.001" classname="com.Airpay.Tests.TC_PP_EMI_Invalid_Credit_Card_Number_errMsg"/>
  <testcase name="TC_TestCaseName" time="26.465" classname="com.Airpay.Tests.TC_PP_EMI_Invalid_Credit_Card_Number_errMsg"/>
</testsuite> <!-- TC_PP_EMI_Invalid_Credit_Card_Details -->
