<?xml version="1.0" encoding="UTF-8"?>
<!-- Generated by org.testng.reporters.JUnitXMLReporter -->
<testsuite hostname="Parmeshwar-QA" name="TC_PP_Moto_Transaction_Debit_Card_Successfull_Transaction_with_Surcharge_Applied_1200" tests="2" failures="0" timestamp="24 Jan 2019 07:43:47 GMT" time="176.639" errors="0">
  <testcase name="setup" time="0.0" classname="com.Airpay.Tests.TC_PP_Moto_Transaction_Debit_Card_failed_Transaction_with_Surcharge_Applied"/>
  <testcase name="TC_TestCaseName" time="165.735" classname="com.Airpay.Tests.TC_PP_Moto_Transaction_Debit_Card_failed_Transaction_with_Surcharge_Applied"/>
</testsuite> <!-- TC_PP_Moto_Transaction_Debit_Card_Successfull_Transaction_with_Surcharge_Applied_1200 -->
