<?xml version="1.0" encoding="UTF-8"?>
<!-- Generated by org.testng.reporters.JUnitXMLReporter -->
<testsuite hostname="Parmeshwar-QA" name="TC_PP_11_Credit_Card_Inline_kit" tests="2" failures="0" timestamp="30 Oct 2018 11:09:56 GMT" time="32.476" errors="0">
  <testcase name="setup" time="0.003" classname="com.Airpay.Tests.TC_PP_11_Credit_Card_Inline_kit"/>
  <testcase name="TC_TestCaseName" time="22.413" classname="com.Airpay.Tests.TC_PP_11_Credit_Card_Inline_kit"/>
</testsuite> <!-- TC_PP_11_Credit_Card_Inline_kit -->
