<?xml version="1.0" encoding="UTF-8"?>
<!-- Generated by org.testng.reporters.JUnitXMLReporter -->
<testsuite hostname="Parmeshwar-QA" name="TC_PP_SandBox_Transaction_Debit_Card_Successfull_Transaction" tests="2" failures="0" timestamp="6 Feb 2019 11:41:11 GMT" time="31.076" errors="0">
  <testcase name="setup" time="0.0" classname="com.Airpay.Tests.TC_PP_Moto_Transaction_Debit_Card_Successfull_Transaction"/>
  <testcase name="TC_TestCaseName" time="22.282" classname="com.Airpay.Tests.TC_PP_Moto_Transaction_Debit_Card_Successfull_Transaction"/>
</testsuite> <!-- TC_PP_SandBox_Transaction_Debit_Card_Successfull_Transaction -->
