<?xml version="1.0" encoding="UTF-8"?>
<!-- Generated by org.testng.reporters.JUnitXMLReporter -->
<testsuite hostname="Parmeshwar-QA" name="TC_PP_09_AMEX_Credit_Inline_Kit" tests="2" failures="0" timestamp="30 Oct 2018 10:45:52 GMT" time="73.345" errors="0">
  <testcase name="setup" time="0.003" classname="com.Airpay.Tests.TC_PP_09_AMEX_Credit_Inline_Kit"/>
  <testcase name="TC_TestCaseName" time="63.271" classname="com.Airpay.Tests.TC_PP_09_AMEX_Credit_Inline_Kit"/>
</testsuite> <!-- TC_PP_09_AMEX_Credit_Inline_Kit -->
