<?xml version="1.0" encoding="UTF-8"?>
<!-- Generated by org.testng.reporters.JUnitXMLReporter -->
<testsuite hostname="Parmeshwar-QA" name="TC_PP_11_Verify_Invalid_Debit_Card_Detsils_with_Error_Messages" tests="2" failures="0" timestamp="6 Feb 2019 11:10:23 GMT" time="32.986" errors="0">
  <testcase name="setup" time="0.001" classname="com.Airpay.Tests.TC_PP_11_Debit_Card"/>
  <testcase name="TC_TestCaseName" time="21.986" classname="com.Airpay.Tests.TC_PP_11_Debit_Card"/>
</testsuite> <!-- TC_PP_11_Verify_Invalid_Debit_Card_Detsils_with_Error_Messages -->
