<?xml version="1.0" encoding="UTF-8"?>
<testng-results skipped="0" failed="1" total="2" passed="1">
  <reporter-output>
  </reporter-output>
  <suite name="Airpay" duration-ms="17652" started-at="2019-05-15T07:10:38Z" finished-at="2019-05-15T07:10:56Z">
    <groups>
    </groups>
    <test name="TC_ID_Create_Individual_Invoice" duration-ms="17652" started-at="2019-05-15T07:10:38Z" finished-at="2019-05-15T07:10:56Z">
      <class name="com.Airpay.Tests.Create_Individual_Invoice_Creation_test">
        <test-method status="PASS" signature="initializeTestBaseSetup(java.lang.String, java.lang.String, java.lang.String)[pri:0, instance:com.Airpay.Tests.Create_Individual_Invoice_Creation_test@181e731e]" name="initializeTestBaseSetup" is-config="true" duration-ms="10769" started-at="2019-05-15T12:40:38Z" finished-at="2019-05-15T12:40:49Z">
          <params>
            <param index="0">
              <value>
                <![CDATA[Chrome]]>
              </value>
            </param>
            <param index="1">
              <value>
                <![CDATA[http://localhost/airpay_php/transaction.html]]>
              </value>
            </param>
            <param index="2">
              <value>
                <![CDATA[TC_ID_Create_Individual_Invoice]]>
              </value>
            </param>
          </params>
          <reporter-output>
          </reporter-output>
        </test-method> <!-- initializeTestBaseSetup -->
        <test-method status="PASS" signature="setup()[pri:1, instance:com.Airpay.Tests.Create_Individual_Invoice_Creation_test@181e731e]" name="setup" duration-ms="6" started-at="2019-05-15T12:40:49Z" finished-at="2019-05-15T12:40:49Z">
          <reporter-output>
          </reporter-output>
        </test-method> <!-- setup -->
        <test-method status="FAIL" signature="TestCase_Login()[pri:2, instance:com.Airpay.Tests.Create_Individual_Invoice_Creation_test@181e731e]" name="TestCase_Login" duration-ms="5921" started-at="2019-05-15T12:40:49Z" finished-at="2019-05-15T12:40:55Z">
          <exception class="java.lang.Exception">
            <message>
              <![CDATA[Element Not Present]]>
            </message>
            <full-stacktrace>
              <![CDATA[java.lang.Exception: Element Not Present
	at com.Airpay.Utilities.ElementAction.inputText(ElementAction.java:221)
	at com.Airpay.BusinessLogic.Create_Activity_BusinessLogic.Login(Create_Activity_BusinessLogic.java:30)
	at com.Airpay.Tests.Create_Individual_Invoice_Creation_test.TestCase_Login(Create_Individual_Invoice_Creation_test.java:31)
	at sun.reflect.NativeMethodAccessorImpl.invoke0(Native Method)
	at sun.reflect.NativeMethodAccessorImpl.invoke(NativeMethodAccessorImpl.java:62)
	at sun.reflect.DelegatingMethodAccessorImpl.invoke(DelegatingMethodAccessorImpl.java:43)
	at java.lang.reflect.Method.invoke(Method.java:498)
	at org.testng.internal.MethodInvocationHelper.invokeMethod(MethodInvocationHelper.java:86)
	at org.testng.internal.Invoker.invokeMethod(Invoker.java:643)
	at org.testng.internal.Invoker.invokeTestMethod(Invoker.java:820)
	at org.testng.internal.Invoker.invokeTestMethods(Invoker.java:1128)
	at org.testng.internal.TestMethodWorker.invokeTestMethods(TestMethodWorker.java:129)
	at org.testng.internal.TestMethodWorker.run(TestMethodWorker.java:112)
	at org.testng.TestRunner.privateRun(TestRunner.java:782)
	at org.testng.TestRunner.run(TestRunner.java:632)
	at org.testng.SuiteRunner.runTest(SuiteRunner.java:366)
	at org.testng.SuiteRunner.runSequentially(SuiteRunner.java:361)
	at org.testng.SuiteRunner.privateRun(SuiteRunner.java:319)
	at org.testng.SuiteRunner.run(SuiteRunner.java:268)
	at org.testng.SuiteRunnerWorker.runSuite(SuiteRunnerWorker.java:52)
	at org.testng.SuiteRunnerWorker.run(SuiteRunnerWorker.java:86)
	at org.testng.TestNG.runSuitesSequentially(TestNG.java:1244)
	at org.testng.TestNG.runSuitesLocally(TestNG.java:1169)
	at org.testng.TestNG.run(TestNG.java:1064)
	at com.Airpay.Utilities.Create_TestNGXML.createXMLfile(Create_TestNGXML.java:123)
	at sun.reflect.NativeMethodAccessorImpl.invoke0(Native Method)
	at sun.reflect.NativeMethodAccessorImpl.invoke(NativeMethodAccessorImpl.java:62)
	at sun.reflect.DelegatingMethodAccessorImpl.invoke(DelegatingMethodAccessorImpl.java:43)
	at java.lang.reflect.Method.invoke(Method.java:498)
	at org.testng.internal.MethodInvocationHelper.invokeMethod(MethodInvocationHelper.java:86)
	at org.testng.internal.Invoker.invokeMethod(Invoker.java:643)
	at org.testng.internal.Invoker.invokeTestMethod(Invoker.java:820)
	at org.testng.internal.Invoker.invokeTestMethods(Invoker.java:1128)
	at org.testng.internal.TestMethodWorker.invokeTestMethods(TestMethodWorker.java:129)
	at org.testng.internal.TestMethodWorker.run(TestMethodWorker.java:112)
	at org.testng.TestRunner.privateRun(TestRunner.java:782)
	at org.testng.TestRunner.run(TestRunner.java:632)
	at org.testng.SuiteRunner.runTest(SuiteRunner.java:366)
	at org.testng.SuiteRunner.runSequentially(SuiteRunner.java:361)
	at org.testng.SuiteRunner.privateRun(SuiteRunner.java:319)
	at org.testng.SuiteRunner.run(SuiteRunner.java:268)
	at org.testng.SuiteRunnerWorker.runSuite(SuiteRunnerWorker.java:52)
	at org.testng.SuiteRunnerWorker.run(SuiteRunnerWorker.java:86)
	at org.testng.TestNG.runSuitesSequentially(TestNG.java:1244)
	at org.testng.TestNG.runSuitesLocally(TestNG.java:1169)
	at org.testng.TestNG.run(TestNG.java:1064)
	at org.testng.remote.AbstractRemoteTestNG.run(AbstractRemoteTestNG.java:114)
	at org.testng.remote.RemoteTestNG.initAndRun(RemoteTestNG.java:251)
	at org.testng.remote.RemoteTestNG.main(RemoteTestNG.java:77)
]]>
            </full-stacktrace>
          </exception> <!-- java.lang.Exception -->
          <reporter-output>
          </reporter-output>
        </test-method> <!-- TestCase_Login -->
        <test-method status="PASS" signature="tearDown()[pri:0, instance:com.Airpay.Tests.Create_Individual_Invoice_Creation_test@181e731e]" name="tearDown" is-config="true" duration-ms="953" started-at="2019-05-15T12:40:55Z" finished-at="2019-05-15T12:40:56Z">
          <reporter-output>
          </reporter-output>
        </test-method> <!-- tearDown -->
      </class> <!-- com.Airpay.Tests.Create_Individual_Invoice_Creation_test -->
    </test> <!-- TC_ID_Create_Individual_Invoice -->
  </suite> <!-- Airpay -->
</testng-results>
