<?xml version="1.0" encoding="UTF-8"?>
<testng-results skipped="0" failed="0" total="1" passed="1">
  <reporter-output>
  </reporter-output>
  <suite name="Main Test Suite" duration-ms="80524" started-at="2019-02-18T08:21:32Z" finished-at="2019-02-18T08:22:52Z">
    <groups>
    </groups>
    <test name="TestNG Test Group1" duration-ms="80524" started-at="2019-02-18T08:21:32Z" finished-at="2019-02-18T08:22:52Z">
      <class name="com.Airpay.Utilities.Create_TestNGXML">
        <test-method status="PASS" signature="createXMLfile()[pri:0, instance:com.Airpay.Utilities.Create_TestNGXML@5622fdf]" name="createXMLfile" duration-ms="80493" started-at="2019-02-18T13:51:32Z" finished-at="2019-02-18T13:52:52Z">
          <reporter-output>
          </reporter-output>
        </test-method> <!-- createXMLfile -->
      </class> <!-- com.Airpay.Utilities.Create_TestNGXML -->
    </test> <!-- TestNG Test Group1 -->
  </suite> <!-- Main Test Suite -->
</testng-results>
